Test (3C): Figure 8 (unreliable) ...
003275 CLNT S4: S4 will be a candidate
003323 VOTE S1:processing vote from S4! args.Term=1, rf.currentTerm=0
003325 VOTE S1: S1 vote to S4!
003345 VOTE S2:processing vote from S4! args.Term=1, rf.currentTerm=0
003350 VOTE S2: S2 vote to S4!
003359 LEAD S4: S4(3 tickets)will be a leader! log=[{<nil> 0}]
003506 VOTE S3:processing vote from S4! args.Term=1, rf.currentTerm=0
003512 VOTE S3: S3 vote to S4!
003516 VOTE S0:processing vote from S4! args.Term=1, rf.currentTerm=1
003520 VOTE S0: S0 vote to S4!
003567 LEAD S4 has saved a log entry. command = 0
003913 LEAD S4: send a entry to S2, log index = 1, PrevLogIndex =0, nextIndex=[1 1 1 1 2]
004020 LEAD S4: send a entry to S1, log index = 1, PrevLogIndex =0, nextIndex=[1 1 1 1 2]
004022 LEAD S4: send a entry to S0, log index = 1, PrevLogIndex =0, nextIndex=[1 1 1 1 2]
004030 CLNT S2: receive logindex 1~1, log=[{<nil> 0} {0 1}]
004123 LEAD S4: send a entry to S3, log index = 1, PrevLogIndex =0, nextIndex=[1 1 2 1 2]
004176 CLNT S0: receive logindex 1~1, log=[{<nil> 0} {0 1}]
004181 LEAD S4: apply logindex=1
004181 LEAD S4: commitLogIndex=1, log=[{<nil> 0} {0 1}]
004220 CLNT S3: receive logindex 1~1, log=[{<nil> 0} {0 1}]
004284 CLNT S1: receive logindex 1~1, log=[{<nil> 0} {0 1}]
004386 LEAD S4 has saved a log entry. command = 1
004508 INFO disconnect server 4
004513 LEAD S4 has saved a log entry. command = 2
004543 LEAD S4: send a entry to S2, log index = 2, PrevLogIndex =1, nextIndex=[2 2 2 2 4]
004578 LEAD S4 has saved a log entry. command = 3
004685 LEAD S4 has saved a log entry. command = 4
004686 LEAD S4: send a entry to S0, log index = 2, PrevLogIndex =1, nextIndex=[2 2 2 2 6]
004738 LEAD S4 has saved a log entry. command = 5
004740 LEAD S4: send a entry to S3, log index = 2, PrevLogIndex =1, nextIndex=[2 2 2 2 7]
004805 LEAD S4 has saved a log entry. command = 6
004806 LEAD S4: send a entry to S1, log index = 2, PrevLogIndex =1, nextIndex=[2 2 2 2 8]
004903 LEAD S4 has saved a log entry. command = 7
004943 LEAD S4 has saved a log entry. command = 8
006844 LEAD S4 has saved a log entry. command = 9
006928 LEAD S4 has saved a log entry. command = 10
007058 LEAD S4 has saved a log entry. command = 11
007118 LEAD S4 has saved a log entry. command = 12
007209 LEAD S4 has saved a log entry. command = 13
007320 LEAD S4 has saved a log entry. command = 14
007371 LEAD S4 has saved a log entry. command = 15
007421 LEAD S4 has saved a log entry. command = 16
007513 LEAD S4 has saved a log entry. command = 17
007575 LEAD S4 has saved a log entry. command = 18
007582 LEAD S4 has saved a log entry. command = 19
007641 CLNT S0: S0 will be a candidate
007817 VOTE S1:processing vote from S0! args.Term=2, rf.currentTerm=1
007822 VOTE S1: S1 vote to S0!
007880 VOTE S2:processing vote from S0! args.Term=2, rf.currentTerm=1
007885 VOTE S2: S2 vote to S0!
007892 LEAD S0: S0(3 tickets)will be a leader! log=[{<nil> 0} {0 1}]
007892 VOTE S3:processing vote from S0! args.Term=2, rf.currentTerm=1
007898 VOTE S3: S3 vote to S0!
009892 LEAD S0 has saved a log entry. command = 20
009899 LEAD S4 has saved a log entry. command = 20
009942 INFO disconnect server 0
009943 LEAD S0: send a entry to S3, log index = 2, PrevLogIndex =1, nextIndex=[3 2 2 2 2]
009948 LEAD S0 has saved a log entry. command = 21
009955 LEAD S4 has saved a log entry. command = 21
010062 LEAD S0 has saved a log entry. command = 22
010070 LEAD S4 has saved a log entry. command = 22
010188 LEAD S0 has saved a log entry. command = 23
010196 LEAD S4 has saved a log entry. command = 23
010213 LEAD S0 has saved a log entry. command = 24
010215 LEAD S0: send a entry to S1, log index = 2, PrevLogIndex =1, nextIndex=[7 2 2 2 2]
010222 LEAD S4 has saved a log entry. command = 24
010566 LEAD S0: send a entry to S2, log index = 2, PrevLogIndex =1, nextIndex=[7 2 2 2 2]
011198 LEAD S0 has saved a log entry. command = 25
011206 LEAD S4 has saved a log entry. command = 25
011296 LEAD S0 has saved a log entry. command = 26
011304 LEAD S4 has saved a log entry. command = 26
011344 LEAD S0 has saved a log entry. command = 27
011352 LEAD S4 has saved a log entry. command = 27
011402 LEAD S0 has saved a log entry. command = 28
011410 LEAD S4 has saved a log entry. command = 28
011490 LEAD S0 has saved a log entry. command = 29
011499 LEAD S4 has saved a log entry. command = 29
011579 LEAD S0 has saved a log entry. command = 30
011590 LEAD S4 has saved a log entry. command = 30
011619 LEAD S0 has saved a log entry. command = 31
011629 LEAD S4 has saved a log entry. command = 31
011760 LEAD S0 has saved a log entry. command = 32
011770 LEAD S4 has saved a log entry. command = 32
011845 LEAD S0 has saved a log entry. command = 33
011855 LEAD S4 has saved a log entry. command = 33
011885 LEAD S0 has saved a log entry. command = 34
011894 LEAD S4 has saved a log entry. command = 34
012025 LEAD S0 has saved a log entry. command = 35
012036 LEAD S4 has saved a log entry. command = 35
012127 LEAD S0 has saved a log entry. command = 36
012137 LEAD S4 has saved a log entry. command = 36
014088 CLNT S1: S1 will be a candidate
014123 VOTE S3:processing vote from S1! args.Term=3, rf.currentTerm=2
014128 VOTE S3: S3 vote to S1!
014236 VOTE S2:processing vote from S1! args.Term=3, rf.currentTerm=2
014241 VOTE S2: S2 vote to S1!
014248 LEAD S1: S1(3 tickets)will be a leader! log=[{<nil> 0} {0 1}]
014522 LEAD S0: send a entry to S3, log index = 2, PrevLogIndex =1, nextIndex=[19 2 2 2 2]
014817 LEAD S0 has saved a log entry. command = 37
014821 LEAD S1 has saved a log entry. command = 37
014830 LEAD S4 has saved a log entry. command = 37
014934 LEAD S0 has saved a log entry. command = 38
014937 LEAD S1 has saved a log entry. command = 38
014944 LEAD S4 has saved a log entry. command = 38
014951 LEAD S0 has saved a log entry. command = 39
014953 LEAD S1 has saved a log entry. command = 39
014960 LEAD S4 has saved a log entry. command = 39
015046 INFO disconnect server 1
015047 INFO connect server 4
015053 LEAD S0 has saved a log entry. command = 40
015055 LEAD S1 has saved a log entry. command = 40
015063 LEAD S4 has saved a log entry. command = 40
015076 INFO disconnect server 4
015077 INFO connect server 0
015085 LEAD S0 has saved a log entry. command = 41
015089 LEAD S1 has saved a log entry. command = 41
015101 LEAD S4 has saved a log entry. command = 41
015178 LEAD S0 has saved a log entry. command = 42
015181 LEAD S1 has saved a log entry. command = 42
015190 LEAD S4 has saved a log entry. command = 42
015191 INFO disconnect server 0
015191 INFO connect server 0
015197 LEAD S0 has saved a log entry. command = 43
015200 LEAD S1 has saved a log entry. command = 43
015208 LEAD S4 has saved a log entry. command = 43
015317 INFO disconnect server 0
015319 INFO connect server 4
015327 LEAD S0 has saved a log entry. command = 44
015332 LEAD S1 has saved a log entry. command = 44
015342 LEAD S4 has saved a log entry. command = 44
015392 LEAD S1: send a entry to S3, log index = 2, PrevLogIndex =1, nextIndex=[2 10 2 2 2]
015398 LEAD S0 has saved a log entry. command = 45
015402 LEAD S1 has saved a log entry. command = 45
015412 LEAD S4 has saved a log entry. command = 45
015528 LEAD S1: send a entry to S2, log index = 2, PrevLogIndex =1, nextIndex=[2 11 2 2 2]
017747 CLNT S2: S2 will be a candidate
017766 VOTE S2: S2 -> S4 RequestVote rpc fail!
017954 VOTE S3:processing vote from S2! args.Term=4, rf.currentTerm=3
017960 VOTE S3: S3 vote to S2!
017962 VOTE S2: S2 -> S3 RequestVote rpc fail!
018629 INFO disconnect server 4
018639 LEAD S0 has saved a log entry. command = 46
018644 LEAD S1 has saved a log entry. command = 46
018655 LEAD S4 has saved a log entry. command = 46
018729 INFO connect server 4
018738 LEAD S0 has saved a log entry. command = 47
018744 LEAD S1 has saved a log entry. command = 47
018755 LEAD S4 has saved a log entry. command = 47
018865 INFO disconnect server 4
018867 INFO connect server 0
018876 LEAD S0 has saved a log entry. command = 48
018881 LEAD S1 has saved a log entry. command = 48
018892 LEAD S4 has saved a log entry. command = 48
018924 LEAD S0 has saved a log entry. command = 49
018929 LEAD S1 has saved a log entry. command = 49
018939 LEAD S4 has saved a log entry. command = 49
019050 LEAD S0 has saved a log entry. command = 50
019056 LEAD S1 has saved a log entry. command = 50
019067 LEAD S4 has saved a log entry. command = 50
021052 CLNT S2: S2 will be a candidate
021253 VOTE S0:processing vote from S2! args.Term=5, rf.currentTerm=2
021259 VOTE S0: S0 can't vote to S2! reaseon: serverState=0, votedFor=-1
021308 VOTE S3:processing vote from S2! args.Term=5, rf.currentTerm=4
021313 VOTE S3: S3 vote to S2!
023379 INFO disconnect server 0
023384 LEAD S1 has saved a log entry. command = 51
023393 LEAD S4 has saved a log entry. command = 51
023483 LEAD S1 has saved a log entry. command = 52
023495 LEAD S4 has saved a log entry. command = 52
023580 INFO connect server 1
023585 LEAD S1 has saved a log entry. command = 53
023596 LEAD S4 has saved a log entry. command = 53
023615 LEAD S1 has saved a log entry. command = 54
023629 LEAD S4 has saved a log entry. command = 54
023642 CLNT S2: S2 will be a candidate
023742 LEAD S1 has saved a log entry. command = 55
023754 LEAD S4 has saved a log entry. command = 55
023828 INFO disconnect server 1
023836 LEAD S1 has saved a log entry. command = 56
023844 VOTE S1:processing vote from S2! args.Term=6, rf.currentTerm=3
023845 VOTE S3:processing vote from S2! args.Term=6, rf.currentTerm=5
023849 VOTE S3: S3 vote to S2!
023851 LEAD S4 has saved a log entry. command = 56
023851 VOTE S1: S1 can't vote to S2! reaseon: serverState=0, votedFor=-1
023853 VOTE S2: S2 -> S1 RequestVote rpc fail!
023939 LEAD S4 has saved a log entry. command = 57
023963 INFO connect server 4
023975 LEAD S4 has saved a log entry. command = 58
024013 LEAD S4 has saved a log entry. command = 59
026016 CLNT S0: S0 will be a candidate
028080 CLNT S3: S3 will be a candidate
028106 VOTE S4:processing vote from S3! args.Term=7, rf.currentTerm=1
028119 VOTE S4: S4 can't vote to S3! reaseon: serverState=0, votedFor=-1
028239 VOTE S2:processing vote from S3! args.Term=7, rf.currentTerm=6
028245 VOTE S2: S2 vote to S3!
029392 CLNT S1: S1 will be a candidate
032409 CLNT S0: S0 will be a candidate
032954 CLNT S3: S3 will be a candidate
033003 VOTE S4:processing vote from S3! args.Term=8, rf.currentTerm=7
033019 VOTE S4: S4 can't vote to S3! reaseon: serverState=0, votedFor=-1
033095 VOTE S2:processing vote from S3! args.Term=8, rf.currentTerm=7
033100 VOTE S2: S2 vote to S3!
035779 CLNT S1: S1 will be a candidate
037684 CLNT S3: S3 will be a candidate
037830 VOTE S2:processing vote from S3! args.Term=9, rf.currentTerm=8
037835 VOTE S2: S2 vote to S3!
037893 VOTE S4:processing vote from S3! args.Term=9, rf.currentTerm=8
037909 VOTE S4: S4 can't vote to S3! reaseon: serverState=0, votedFor=-1
038104 CLNT S0: S0 will be a candidate
038872 CLNT S1: S1 will be a candidate
040408 VOTE S0: S0 -> S1 RequestVote rpc fail!
040895 CLNT S2: S2 will be a candidate
040952 VOTE S3:processing vote from S2! args.Term=10, rf.currentTerm=9
040957 VOTE S3: S3 vote to S2!
041089 VOTE S4:processing vote from S2! args.Term=10, rf.currentTerm=9
041105 VOTE S4: S4 can't vote to S2! reaseon: serverState=0, votedFor=-1
043754 CLNT S0: S0 will be a candidate
044598 CLNT S1: S1 will be a candidate
046302 CLNT S3: S3 will be a candidate
046374 VOTE S4:processing vote from S3! args.Term=11, rf.currentTerm=10
046390 VOTE S4: S4 can't vote to S3! reaseon: serverState=0, votedFor=-1
046455 VOTE S2:processing vote from S3! args.Term=11, rf.currentTerm=10
046461 VOTE S2: S2 vote to S3!
049163 CLNT S0: S0 will be a candidate
050035 CLNT S1: S1 will be a candidate
051747 CLNT S3: S3 will be a candidate
051859 VOTE S4:processing vote from S3! args.Term=12, rf.currentTerm=11
051876 VOTE S4: S4 can't vote to S3! reaseon: serverState=0, votedFor=-1
051981 VOTE S2:processing vote from S3! args.Term=12, rf.currentTerm=11
051987 VOTE S2: S2 vote to S3!
054566 CLNT S1: S1 will be a candidate
054660 CLNT S0: S0 will be a candidate
057101 CLNT S2: S2 will be a candidate
057203 VOTE S3:processing vote from S2! args.Term=13, rf.currentTerm=12
057209 VOTE S3: S3 vote to S2!
057286 VOTE S4:processing vote from S2! args.Term=13, rf.currentTerm=12
057302 VOTE S4: S4 can't vote to S2! reaseon: serverState=0, votedFor=-1
058404 VOTE S0: S0 -> S3 RequestVote rpc fail!
060346 CLNT S1: S1 will be a candidate
060479 CLNT S0: S0 will be a candidate
060581 CLNT S3: S3 will be a candidate
060616 VOTE S4:processing vote from S3! args.Term=14, rf.currentTerm=13
060629 VOTE S4: S4 can't vote to S3! reaseon: serverState=0, votedFor=-1
060679 VOTE S2:processing vote from S3! args.Term=14, rf.currentTerm=13
060705 VOTE S2: S2 vote to S3!
064266 VOTE S1: S1 -> S3 RequestVote rpc fail!
064628 CLNT S0: S0 will be a candidate
064681 CLNT S1: S1 will be a candidate
065008 CLNT S4: S4 will be a candidate
065108 VOTE S2:processing vote from S4! args.Term=15, rf.currentTerm=14
065113 VOTE S2: S2 vote to S4!
065220 VOTE S3:processing vote from S4! args.Term=15, rf.currentTerm=14
065226 VOTE S3: S3 vote to S4!
065229 VOTE S4: S4 -> S3 RequestVote rpc fail!
069118 CLNT S2: S2 will be a candidate
069119 VOTE S0: S0 -> S1 RequestVote rpc fail!
069251 CLNT S4: S4 will be a candidate
069289 VOTE S3:processing vote from S2! args.Term=16, rf.currentTerm=15
069294 VOTE S3: S3 vote to S2!
069318 CLNT S0: S0 will be a candidate
069336 VOTE S4:processing vote from S2! args.Term=16, rf.currentTerm=16
069337 VOTE S4: S4 can't vote to S2! reaseon: serverState=1, votedFor=4, term=16
069379 VOTE S3:processing vote from S4! args.Term=16, rf.currentTerm=16
069380 VOTE S3: S3 can't vote to S4! reaseon: serverState=0, votedFor=2, term=16
069482 VOTE S2:processing vote from S4! args.Term=16, rf.currentTerm=16
069483 VOTE S2: S2 can't vote to S4! reaseon: serverState=1, votedFor=2, term=16
070247 CLNT S1: S1 will be a candidate
072165 CLNT S0: S0 will be a candidate
073141 CLNT S3: S3 will be a candidate
073393 VOTE S2:processing vote from S3! args.Term=17, rf.currentTerm=16
073393 VOTE S4:processing vote from S3! args.Term=17, rf.currentTerm=16
073398 VOTE S2: S2 vote to S3!
073411 VOTE S4: S4 can't vote to S3! reaseon: serverState=0, votedFor=-1
076427 CLNT S1: S1 will be a candidate
077128 CLNT S2: S2 will be a candidate
077293 VOTE S3:processing vote from S2! args.Term=18, rf.currentTerm=17
077299 VOTE S3: S3 vote to S2!
077400 VOTE S4:processing vote from S2! args.Term=18, rf.currentTerm=17
077415 VOTE S4: S4 can't vote to S2! reaseon: serverState=0, votedFor=-1
077449 CLNT S0: S0 will be a candidate
078678 VOTE S1: S1 -> S2 RequestVote rpc fail!
082116 CLNT S1: S1 will be a candidate
082439 CLNT S2: S2 will be a candidate
082534 VOTE S4:processing vote from S2! args.Term=19, rf.currentTerm=18
082549 VOTE S4: S4 can't vote to S2! reaseon: serverState=0, votedFor=-1
082643 VOTE S2: S2 -> S3 RequestVote rpc fail!
082791 CLNT S0: S0 will be a candidate
083559 CLNT S3: S3 will be a candidate
083714 VOTE S2:processing vote from S3! args.Term=19, rf.currentTerm=19
083715 VOTE S2: S2 can't vote to S3! reaseon: serverState=1, votedFor=2, term=19
083831 VOTE S4:processing vote from S3! args.Term=19, rf.currentTerm=19
083832 VOTE S4: S4 can't vote to S3! reaseon: serverState=0, votedFor=-1
085434 CLNT S1: S1 will be a candidate
087094 CLNT S0: S0 will be a candidate
088182 VOTE S0: S0 -> S3 RequestVote rpc fail!
088680 CLNT S3: S3 will be a candidate
088725 VOTE S2:processing vote from S3! args.Term=20, rf.currentTerm=19
088731 VOTE S2: S2 vote to S3!
088828 VOTE S4:processing vote from S3! args.Term=20, rf.currentTerm=19
088843 VOTE S4: S4 can't vote to S3! reaseon: serverState=0, votedFor=-1
090103 CLNT S0: S0 will be a candidate
090482 CLNT S1: S1 will be a candidate
091694 VOTE S1: S1 -> S3 RequestVote rpc fail!
094448 CLNT S3: S3 will be a candidate
094472 CLNT S4: S4 will be a candidate
094520 VOTE S2:processing vote from S3! args.Term=21, rf.currentTerm=20
094525 VOTE S2: S2 vote to S3!
094593 VOTE S2:processing vote from S4! args.Term=21, rf.currentTerm=21
094594 VOTE S2: S2 can't vote to S4! reaseon: serverState=0, votedFor=3, term=21
094703 VOTE S4:processing vote from S3! args.Term=21, rf.currentTerm=21
094704 VOTE S4: S4 can't vote to S3! reaseon: serverState=1, votedFor=4, term=21
094725 VOTE S3:processing vote from S4! args.Term=21, rf.currentTerm=21
094726 VOTE S3: S3 can't vote to S4! reaseon: serverState=1, votedFor=3, term=21
095649 CLNT S0: S0 will be a candidate
096089 CLNT S1: S1 will be a candidate
097835 CLNT S4: S4 will be a candidate
097923 VOTE S3:processing vote from S4! args.Term=22, rf.currentTerm=21
097929 VOTE S3: S3 vote to S4!
098079 VOTE S2:processing vote from S4! args.Term=22, rf.currentTerm=21
098084 VOTE S2: S2 vote to S4!
101471 CLNT S0: S0 will be a candidate
101834 CLNT S1: S1 will be a candidate
102001 CLNT S2: S2 will be a candidate
102047 VOTE S4:processing vote from S2! args.Term=23, rf.currentTerm=22
102061 VOTE S4: S4 can't vote to S2! reaseon: serverState=0, votedFor=-1
102064 VOTE S2: S2 -> S3 RequestVote rpc fail!
102474 CLNT S3: S3 will be a candidate
102499 VOTE S4:processing vote from S3! args.Term=23, rf.currentTerm=23
102500 VOTE S4: S4 can't vote to S3! reaseon: serverState=0, votedFor=-1
102509 VOTE S2:processing vote from S3! args.Term=23, rf.currentTerm=23
102510 VOTE S2: S2 can't vote to S3! reaseon: serverState=1, votedFor=2, term=23
105914 VOTE S0: S0 -> S4 RequestVote rpc fail!
106107 VOTE S1: S1 -> S2 RequestVote rpc fail!
107415 CLNT S0: S0 will be a candidate
107508 CLNT S1: S1 will be a candidate
108005 CLNT S3: S3 will be a candidate
108117 VOTE S2:processing vote from S3! args.Term=24, rf.currentTerm=23
108122 VOTE S2: S2 vote to S3!
108264 VOTE S4:processing vote from S3! args.Term=24, rf.currentTerm=23
108280 VOTE S4: S4 can't vote to S3! reaseon: serverState=0, votedFor=-1
111782 CLNT S2: S2 will be a candidate
111879 VOTE S4:processing vote from S2! args.Term=25, rf.currentTerm=24
111893 VOTE S4: S4 can't vote to S2! reaseon: serverState=0, votedFor=-1
111937 VOTE S2: S2 -> S3 RequestVote rpc fail!
112744 CLNT S0: S0 will be a candidate
113409 CLNT S1: S1 will be a candidate
113765 CLNT S3: S3 will be a candidate
113822 VOTE S4:processing vote from S3! args.Term=25, rf.currentTerm=25
113823 VOTE S4: S4 can't vote to S3! reaseon: serverState=0, votedFor=-1
113954 VOTE S2:processing vote from S3! args.Term=25, rf.currentTerm=25
113955 VOTE S2: S2 can't vote to S3! reaseon: serverState=1, votedFor=2, term=25
114487 VOTE S1: S1 -> S0 RequestVote rpc fail!
118323 CLNT S3: S3 will be a candidate
118389 VOTE S4:processing vote from S3! args.Term=26, rf.currentTerm=25
118404 VOTE S4: S4 can't vote to S3! reaseon: serverState=0, votedFor=-1
118407 VOTE S3: S3 -> S4 RequestVote rpc fail!
118582 VOTE S2:processing vote from S3! args.Term=26, rf.currentTerm=25
118588 VOTE S2: S2 vote to S3!
119157 CLNT S0: S0 will be a candidate
119496 CLNT S1: S1 will be a candidate
122362 CLNT S4: S4 will be a candidate
122536 VOTE S3:processing vote from S4! args.Term=27, rf.currentTerm=26
122542 VOTE S3: S3 vote to S4!
122549 VOTE S2:processing vote from S4! args.Term=27, rf.currentTerm=26
122554 VOTE S2: S2 vote to S4!
124147 CLNT S1: S1 will be a candidate
124327 CLNT S0: S0 will be a candidate
126060 CLNT S3: S3 will be a candidate
126237 VOTE S2:processing vote from S3! args.Term=28, rf.currentTerm=27
126242 VOTE S2: S2 vote to S3!
126259 VOTE S4:processing vote from S3! args.Term=28, rf.currentTerm=27
126275 VOTE S4: S4 can't vote to S3! reaseon: serverState=0, votedFor=-1
127833 CLNT S0: S0 will be a candidate
129151 CLNT S4: S4 will be a candidate
129428 VOTE S3:processing vote from S4! args.Term=29, rf.currentTerm=28
129434 VOTE S3: S3 vote to S4!
129439 VOTE S2:processing vote from S4! args.Term=29, rf.currentTerm=28
129444 VOTE S2: S2 vote to S4!
129596 CLNT S1: S1 will be a candidate
131031 CLNT S0: S0 will be a candidate
132790 CLNT S3: S3 will be a candidate
132959 VOTE S4:processing vote from S3! args.Term=30, rf.currentTerm=29
132975 VOTE S4: S4 can't vote to S3! reaseon: serverState=0, votedFor=-1
133068 VOTE S2:processing vote from S3! args.Term=30, rf.currentTerm=29
133074 VOTE S2: S2 vote to S3!
134203 CLNT S0: S0 will be a candidate
135174 CLNT S1: S1 will be a candidate
137513 CLNT S0: S0 will be a candidate
138355 CLNT S2: S2 will be a candidate
138368 VOTE S3:processing vote from S2! args.Term=31, rf.currentTerm=30
138368 VOTE S4:processing vote from S2! args.Term=31, rf.currentTerm=30
138373 VOTE S3: S3 vote to S2!
138384 VOTE S4: S4 can't vote to S2! reaseon: serverState=0, votedFor=-1
140135 CLNT S1: S1 will be a candidate
140492 CLNT S0: S0 will be a candidate
143173 CLNT S3: S3 will be a candidate
143184 VOTE S4:processing vote from S3! args.Term=32, rf.currentTerm=31
143198 VOTE S4: S4 can't vote to S3! reaseon: serverState=0, votedFor=-1
143218 VOTE S2:processing vote from S3! args.Term=32, rf.currentTerm=31
143222 VOTE S2: S2 vote to S3!
143317 CLNT S1: S1 will be a candidate
144447 VOTE S0: S0 -> S3 RequestVote rpc fail!
146401 CLNT S0: S0 will be a candidate
146598 CLNT S2: S2 will be a candidate
146684 VOTE S3:processing vote from S2! args.Term=33, rf.currentTerm=32
146689 VOTE S3: S3 vote to S2!
146737 VOTE S4:processing vote from S2! args.Term=33, rf.currentTerm=32
146752 VOTE S4: S4 can't vote to S2! reaseon: serverState=0, votedFor=-1
148339 CLNT S1: S1 will be a candidate
151506 CLNT S3: S3 will be a candidate
151533 VOTE S4:processing vote from S3! args.Term=34, rf.currentTerm=33
151547 VOTE S4: S4 can't vote to S3! reaseon: serverState=0, votedFor=-1
151549 VOTE S3: S3 -> S4 RequestVote rpc fail!
151762 VOTE S2:processing vote from S3! args.Term=34, rf.currentTerm=33
151768 VOTE S2: S2 vote to S3!
152611 CLNT S0: S0 will be a candidate
152635 VOTE S1: S1 -> S3 RequestVote rpc fail!
153986 CLNT S1: S1 will be a candidate
154749 CLNT S3: S3 will be a candidate
154831 VOTE S4:processing vote from S3! args.Term=35, rf.currentTerm=34
154845 VOTE S4: S4 can't vote to S3! reaseon: serverState=0, votedFor=-1
154908 VOTE S2:processing vote from S3! args.Term=35, rf.currentTerm=34
154913 VOTE S2: S2 vote to S3!
155639 VOTE S1: S1 -> S2 RequestVote rpc fail!
157680 CLNT S0: S0 will be a candidate
157793 CLNT S3: S3 will be a candidate
157977 VOTE S4:processing vote from S3! args.Term=36, rf.currentTerm=35
157992 VOTE S4: S4 can't vote to S3! reaseon: serverState=0, votedFor=-1
158062 VOTE S2:processing vote from S3! args.Term=36, rf.currentTerm=35
158067 VOTE S2: S2 vote to S3!
159474 CLNT S1: S1 will be a candidate
160960 CLNT S4: S4 will be a candidate
161029 VOTE S4: S4 -> S3 RequestVote rpc fail!
161171 VOTE S2:processing vote from S4! args.Term=37, rf.currentTerm=36
161177 VOTE S2: S2 vote to S4!
162716 CLNT S0: S0 will be a candidate
163388 CLNT S3: S3 will be a candidate
163418 VOTE S3: S3 -> S4 RequestVote rpc fail!
163487 VOTE S2:processing vote from S3! args.Term=37, rf.currentTerm=37
163488 VOTE S2: S2 can't vote to S3! reaseon: serverState=0, votedFor=4, term=37
164208 CLNT S1: S1 will be a candidate
165760 VOTE S3: S3 -> S0 RequestVote rpc fail!
166381 CLNT S4: S4 will be a candidate
166560 VOTE S4: S4 -> S2 RequestVote rpc fail!
166598 VOTE S3:processing vote from S4! args.Term=38, rf.currentTerm=37
166604 VOTE S3: S3 vote to S4!
167324 VOTE S0: S0 -> S4 RequestVote rpc fail!
168704 CLNT S0: S0 will be a candidate
168974 CLNT S1: S1 will be a candidate
170294 CLNT S2: S2 will be a candidate
170416 VOTE S3:processing vote from S2! args.Term=38, rf.currentTerm=38
170417 VOTE S3: S3 can't vote to S2! reaseon: serverState=0, votedFor=4, term=38
170513 VOTE S4:processing vote from S2! args.Term=38, rf.currentTerm=38
170514 VOTE S4: S4 can't vote to S2! reaseon: serverState=1, votedFor=4, term=38
173582 CLNT S2: S2 will be a candidate
173810 VOTE S4:processing vote from S2! args.Term=39, rf.currentTerm=38
173825 VOTE S4: S4 can't vote to S2! reaseon: serverState=0, votedFor=-1
173833 VOTE S3:processing vote from S2! args.Term=39, rf.currentTerm=38
173838 VOTE S3: S3 vote to S2!
173839 VOTE S2: S2 -> S3 RequestVote rpc fail!
174005 CLNT S0: S0 will be a candidate
175788 CLNT S1: S1 will be a candidate
176589 VOTE S0: S0 -> S2 RequestVote rpc fail!
178303 CLNT S3: S3 will be a candidate
178440 VOTE S2:processing vote from S3! args.Term=40, rf.currentTerm=39
178445 VOTE S2: S2 vote to S3!
178448 VOTE S3: S3 -> S2 RequestVote rpc fail!
178452 VOTE S4:processing vote from S3! args.Term=40, rf.currentTerm=39
178465 VOTE S4: S4 can't vote to S3! reaseon: serverState=0, votedFor=-1
178997 CLNT S0: S0 will be a candidate
181120 CLNT S1: S1 will be a candidate
182458 CLNT S2: S2 will be a candidate
182619 VOTE S2: S2 -> S3 RequestVote rpc fail!
182707 VOTE S4:processing vote from S2! args.Term=41, rf.currentTerm=40
182722 VOTE S4: S4 can't vote to S2! reaseon: serverState=0, votedFor=-1
182724 VOTE S2: S2 -> S4 RequestVote rpc fail!
183725 CLNT S3: S3 will be a candidate
183988 VOTE S4:processing vote from S3! args.Term=41, rf.currentTerm=41
183989 VOTE S2:processing vote from S3! args.Term=41, rf.currentTerm=41
183989 VOTE S4: S4 can't vote to S3! reaseon: serverState=0, votedFor=-1
183990 VOTE S2: S2 can't vote to S3! reaseon: serverState=1, votedFor=2, term=41
184602 CLNT S0: S0 will be a candidate
185693 CLNT S1: S1 will be a candidate
185862 VOTE S2: S2 -> S0 RequestVote rpc fail!
186946 CLNT S3: S3 will be a candidate
187099 CLNT S2: S2 will be a candidate
187123 VOTE S4:processing vote from S2! args.Term=42, rf.currentTerm=41
187137 VOTE S4: S4 can't vote to S2! reaseon: serverState=0, votedFor=-1
187144 VOTE S4:processing vote from S3! args.Term=42, rf.currentTerm=42
187145 VOTE S4: S4 can't vote to S3! reaseon: serverState=0, votedFor=-1
187148 VOTE S2:processing vote from S3! args.Term=42, rf.currentTerm=42
187149 VOTE S2: S2 can't vote to S3! reaseon: serverState=1, votedFor=2, term=42
187363 VOTE S3:processing vote from S2! args.Term=42, rf.currentTerm=42
187364 VOTE S3: S3 can't vote to S2! reaseon: serverState=1, votedFor=3, term=42
189512 CLNT S0: S0 will be a candidate
190522 CLNT S2: S2 will be a candidate
190801 VOTE S4:processing vote from S2! args.Term=43, rf.currentTerm=42
190802 VOTE S3:processing vote from S2! args.Term=43, rf.currentTerm=42
190808 VOTE S3: S3 vote to S2!
190810 VOTE S2: S2 -> S3 RequestVote rpc fail!
190815 VOTE S4: S4 can't vote to S2! reaseon: serverState=0, votedFor=-1
191664 CLNT S1: S1 will be a candidate
192651 CLNT S0: S0 will be a candidate
194549 CLNT S4: S4 will be a candidate
194633 VOTE S3:processing vote from S4! args.Term=44, rf.currentTerm=43
194639 VOTE S3: S3 vote to S4!
194820 VOTE S2:processing vote from S4! args.Term=44, rf.currentTerm=43
194825 VOTE S2: S2 vote to S4!
194828 VOTE S4: S4 -> S2 RequestVote rpc fail!
197046 CLNT S0: S0 will be a candidate
197343 CLNT S1: S1 will be a candidate
199066 CLNT S2: S2 will be a candidate
199123 VOTE S4:processing vote from S2! args.Term=45, rf.currentTerm=44
199137 VOTE S4: S4 can't vote to S2! reaseon: serverState=0, votedFor=-1
199261 VOTE S3:processing vote from S2! args.Term=45, rf.currentTerm=44
199267 VOTE S3: S3 vote to S2!
202761 CLNT S1: S1 will be a candidate
202816 CLNT S0: S0 will be a candidate
203782 CLNT S3: S3 will be a candidate
203829 VOTE S4:processing vote from S3! args.Term=46, rf.currentTerm=45
203845 VOTE S4: S4 can't vote to S3! reaseon: serverState=0, votedFor=-1
204027 VOTE S2:processing vote from S3! args.Term=46, rf.currentTerm=45
204032 VOTE S2: S2 vote to S3!
207010 CLNT S1: S1 will be a candidate
208820 CLNT S0: S0 will be a candidate
208894 CLNT S3: S3 will be a candidate
209037 CLNT S4: S4 will be a candidate
209075 VOTE S2:processing vote from S3! args.Term=47, rf.currentTerm=46
209080 VOTE S2: S2 vote to S3!
209157 VOTE S4:processing vote from S3! args.Term=47, rf.currentTerm=47
209158 VOTE S4: S4 can't vote to S3! reaseon: serverState=1, votedFor=4, term=47
209250 VOTE S3:processing vote from S4! args.Term=47, rf.currentTerm=47
209251 VOTE S3: S3 can't vote to S4! reaseon: serverState=1, votedFor=3, term=47
209254 VOTE S4: S4 -> S3 RequestVote rpc fail!
209282 VOTE S2:processing vote from S4! args.Term=47, rf.currentTerm=47
209283 VOTE S2: S2 can't vote to S4! reaseon: serverState=0, votedFor=3, term=47
210561 VOTE S4: S4 -> S0 RequestVote rpc fail!
212815 CLNT S1: S1 will be a candidate
213571 VOTE S1: S1 -> S4 RequestVote rpc fail!
213714 CLNT S4: S4 will be a candidate
213800 VOTE S3:processing vote from S4! args.Term=48, rf.currentTerm=47
213805 VOTE S3: S3 vote to S4!
213882 VOTE S2:processing vote from S4! args.Term=48, rf.currentTerm=47
213888 VOTE S2: S2 vote to S4!
214596 CLNT S0: S0 will be a candidate
216978 CLNT S3: S3 will be a candidate
217047 VOTE S4:processing vote from S3! args.Term=49, rf.currentTerm=48
217063 VOTE S4: S4 can't vote to S3! reaseon: serverState=0, votedFor=-1
217180 VOTE S2:processing vote from S3! args.Term=49, rf.currentTerm=48
217186 VOTE S2: S2 vote to S3!
217188 VOTE S3: S3 -> S2 RequestVote rpc fail!
218002 CLNT S0: S0 will be a candidate
218510 CLNT S1: S1 will be a candidate
219900 VOTE S0: S0 -> S3 RequestVote rpc fail!
220923 VOTE S1: S1 -> S0 RequestVote rpc fail!
222683 CLNT S4: S4 will be a candidate
222739 VOTE S3:processing vote from S4! args.Term=50, rf.currentTerm=49
222745 VOTE S3: S3 vote to S4!
222817 VOTE S2:processing vote from S4! args.Term=50, rf.currentTerm=49
222822 VOTE S2: S2 vote to S4!
222824 VOTE S4: S4 -> S2 RequestVote rpc fail!
222956 CLNT S0: S0 will be a candidate
224457 CLNT S1: S1 will be a candidate
227830 CLNT S2: S2 will be a candidate
227856 VOTE S3:processing vote from S2! args.Term=51, rf.currentTerm=50
227862 VOTE S3: S3 vote to S2!
227985 CLNT S4: S4 will be a candidate
228033 VOTE S4:processing vote from S2! args.Term=51, rf.currentTerm=51
228034 VOTE S4: S4 can't vote to S2! reaseon: serverState=1, votedFor=4, term=51
228081 CLNT S0: S0 will be a candidate
228158 VOTE S2:processing vote from S4! args.Term=51, rf.currentTerm=51
228159 VOTE S2: S2 can't vote to S4! reaseon: serverState=1, votedFor=2, term=51
228275 VOTE S3:processing vote from S4! args.Term=51, rf.currentTerm=51
228276 VOTE S3: S3 can't vote to S4! reaseon: serverState=0, votedFor=2, term=51
230288 CLNT S1: S1 will be a candidate
231249 CLNT S0: S0 will be a candidate
231752 CLNT S3: S3 will be a candidate
231853 VOTE S4:processing vote from S3! args.Term=52, rf.currentTerm=51
231868 VOTE S4: S4 can't vote to S3! reaseon: serverState=0, votedFor=-1
231895 VOTE S2:processing vote from S3! args.Term=52, rf.currentTerm=51
231899 VOTE S2: S2 vote to S3!
233789 CLNT S1: S1 will be a candidate
235801 CLNT S2: S2 will be a candidate
235892 VOTE S2: S2 -> S4 RequestVote rpc fail!
235980 VOTE S3:processing vote from S2! args.Term=53, rf.currentTerm=52
235985 VOTE S3: S3 vote to S2!
236737 CLNT S0: S0 will be a candidate
238344 CLNT S4: S4 will be a candidate
238460 VOTE S2:processing vote from S4! args.Term=53, rf.currentTerm=53
238461 VOTE S2: S2 can't vote to S4! reaseon: serverState=1, votedFor=2, term=53
238464 VOTE S4: S4 -> S2 RequestVote rpc fail!
238514 VOTE S3:processing vote from S4! args.Term=53, rf.currentTerm=53
238515 VOTE S3: S3 can't vote to S4! reaseon: serverState=0, votedFor=2, term=53
238752 CLNT S1: S1 will be a candidate
242119 CLNT S3: S3 will be a candidate
242132 VOTE S2:processing vote from S3! args.Term=54, rf.currentTerm=53
242139 VOTE S2: S2 vote to S3!
242354 VOTE S4:processing vote from S3! args.Term=54, rf.currentTerm=53
242369 VOTE S4: S4 can't vote to S3! reaseon: serverState=0, votedFor=-1
242932 CLNT S0: S0 will be a candidate
244802 CLNT S1: S1 will be a candidate
245813 CLNT S2: S2 will be a candidate
245951 VOTE S3:processing vote from S2! args.Term=55, rf.currentTerm=54
245953 VOTE S4:processing vote from S2! args.Term=55, rf.currentTerm=54
245958 VOTE S3: S3 vote to S2!
245967 VOTE S4: S4 can't vote to S2! reaseon: serverState=0, votedFor=-1
247787 CLNT S0: S0 will be a candidate
248235 CLNT S1: S1 will be a candidate
250723 VOTE S1: S1 -> S0 RequestVote rpc fail!
250870 CLNT S4: S4 will be a candidate
250975 CLNT S3: S3 will be a candidate
251042 VOTE S3:processing vote from S4! args.Term=56, rf.currentTerm=56
251043 VOTE S3: S3 can't vote to S4! reaseon: serverState=1, votedFor=3, term=56
251071 VOTE S4: S4 -> S2 RequestVote rpc fail!
251152 VOTE S4:processing vote from S3! args.Term=56, rf.currentTerm=56
251153 VOTE S4: S4 can't vote to S3! reaseon: serverState=1, votedFor=4, term=56
251226 VOTE S2:processing vote from S3! args.Term=56, rf.currentTerm=55
251231 VOTE S2: S2 vote to S3!
253553 CLNT S0: S0 will be a candidate
253565 CLNT S1: S1 will be a candidate
254650 CLNT S2: S2 will be a candidate
254714 VOTE S4:processing vote from S2! args.Term=57, rf.currentTerm=56
254729 VOTE S4: S4 can't vote to S2! reaseon: serverState=0, votedFor=-1
254768 VOTE S3:processing vote from S2! args.Term=57, rf.currentTerm=56
254773 VOTE S3: S3 vote to S2!
254898 VOTE S0: S0 -> S1 RequestVote rpc fail!
257961 VOTE S1: S1 -> S3 RequestVote rpc fail!
258187 CLNT S3: S3 will be a candidate
258284 VOTE S3: S3 -> S4 RequestVote rpc fail!
258341 VOTE S2:processing vote from S3! args.Term=58, rf.currentTerm=57
258347 VOTE S2: S2 vote to S3!
259027 CLNT S1: S1 will be a candidate
259408 CLNT S4: S4 will be a candidate
259561 VOTE S3:processing vote from S4! args.Term=58, rf.currentTerm=58
259562 VOTE S3: S3 can't vote to S4! reaseon: serverState=1, votedFor=3, term=58
259642 VOTE S2:processing vote from S4! args.Term=58, rf.currentTerm=58
259643 VOTE S2: S2 can't vote to S4! reaseon: serverState=0, votedFor=3, term=58
260233 CLNT S0: S0 will be a candidate
260311 VOTE S0: S0 -> S1 RequestVote rpc fail!
260700 VOTE S1: S1 -> S3 RequestVote rpc fail!
262461 VOTE S0: S0 -> S2 RequestVote rpc fail!
262573 CLNT S4: S4 will be a candidate
262731 VOTE S2:processing vote from S4! args.Term=59, rf.currentTerm=58
262736 VOTE S2: S2 vote to S4!
262798 VOTE S3:processing vote from S4! args.Term=59, rf.currentTerm=58
262804 VOTE S3: S3 vote to S4!
263636 CLNT S0: S0 will be a candidate
264084 CLNT S1: S1 will be a candidate
266455 VOTE S1: S1 -> S4 RequestVote rpc fail!
266581 VOTE S0: S0 -> S2 RequestVote rpc fail!
267882 CLNT S3: S3 will be a candidate
267916 VOTE S1: S1 -> S0 RequestVote rpc fail!
267928 CLNT S4: S4 will be a candidate
267951 VOTE S3:processing vote from S4! args.Term=60, rf.currentTerm=60
267952 VOTE S3: S3 can't vote to S4! reaseon: serverState=1, votedFor=3, term=60
268015 VOTE S2:processing vote from S3! args.Term=60, rf.currentTerm=59
268020 VOTE S2: S2 vote to S3!
268069 VOTE S2:processing vote from S4! args.Term=60, rf.currentTerm=60
268070 VOTE S2: S2 can't vote to S4! reaseon: serverState=0, votedFor=3, term=60
268092 VOTE S4:processing vote from S3! args.Term=60, rf.currentTerm=60
268093 VOTE S4: S4 can't vote to S3! reaseon: serverState=1, votedFor=4, term=60
268821 CLNT S1: S1 will be a candidate
269196 CLNT S0: S0 will be a candidate
270865 VOTE S4: S4 -> S1 RequestVote rpc fail!
271362 CLNT S3: S3 will be a candidate
271456 VOTE S2:processing vote from S3! args.Term=61, rf.currentTerm=60
271462 VOTE S2: S2 vote to S3!
271633 VOTE S4:processing vote from S3! args.Term=61, rf.currentTerm=60
271647 VOTE S4: S4 can't vote to S3! reaseon: serverState=0, votedFor=-1
271649 VOTE S3: S3 -> S4 RequestVote rpc fail!
273122 VOTE S1: S1 -> S4 RequestVote rpc fail!
273237 VOTE S1: S1 -> S0 RequestVote rpc fail!
273966 CLNT S0: S0 will be a candidate
274555 CLNT S1: S1 will be a candidate
274668 CLNT S2: S2 will be a candidate
274849 VOTE S4:processing vote from S2! args.Term=62, rf.currentTerm=61
274862 VOTE S4: S4 can't vote to S2! reaseon: serverState=0, votedFor=-1
274871 VOTE S3:processing vote from S2! args.Term=62, rf.currentTerm=61
274876 VOTE S3: S3 vote to S2!
279210 CLNT S0: S0 will be a candidate
279234 CLNT S4: S4 will be a candidate
279318 CLNT S2: S2 will be a candidate
279328 VOTE S4:processing vote from S2! args.Term=63, rf.currentTerm=63
279329 VOTE S4: S4 can't vote to S2! reaseon: serverState=1, votedFor=4, term=63
279346 VOTE S2:processing vote from S4! args.Term=63, rf.currentTerm=63
279347 VOTE S2: S2 can't vote to S4! reaseon: serverState=1, votedFor=2, term=63
279391 VOTE S3:processing vote from S2! args.Term=63, rf.currentTerm=62
279396 VOTE S3: S3 vote to S2!
279434 VOTE S3:processing vote from S4! args.Term=63, rf.currentTerm=63
279435 VOTE S3: S3 can't vote to S4! reaseon: serverState=0, votedFor=2, term=63
279612 CLNT S1: S1 will be a candidate
279937 VOTE S1: S1 -> S4 RequestVote rpc fail!
284719 CLNT S2: S2 will be a candidate
284725 CLNT S4: S4 will be a candidate
284861 VOTE S3:processing vote from S4! args.Term=64, rf.currentTerm=63
284867 VOTE S3: S3 vote to S4!
284905 VOTE S3:processing vote from S2! args.Term=64, rf.currentTerm=64
284906 VOTE S3: S3 can't vote to S2! reaseon: serverState=0, votedFor=4, term=64
284997 VOTE S2:processing vote from S4! args.Term=64, rf.currentTerm=64
284998 VOTE S4:processing vote from S2! args.Term=64, rf.currentTerm=64
284998 VOTE S2: S2 can't vote to S4! reaseon: serverState=1, votedFor=2, term=64
284999 VOTE S4: S4 can't vote to S2! reaseon: serverState=1, votedFor=4, term=64
285125 CLNT S1: S1 will be a candidate
285714 CLNT S0: S0 will be a candidate
287741 CLNT S4: S4 will be a candidate
287764 VOTE S2:processing vote from S4! args.Term=65, rf.currentTerm=64
287769 VOTE S2: S2 vote to S4!
287771 VOTE S4: S4 -> S2 RequestVote rpc fail!
287992 VOTE S3:processing vote from S4! args.Term=65, rf.currentTerm=64
287997 VOTE S3: S3 vote to S4!



288318 INFO connect all server!



290621 CLNT S1: S1 will be a candidate
290676 VOTE S1: S1 -> S3 RequestVote rpc fail!
290848 CLNT S0: S0 will be a candidate
290864 VOTE S0:processing vote from S1! args.Term=57, rf.currentTerm=59
290868 VOTE S4:processing vote from S1! args.Term=57, rf.currentTerm=65
290875 VOTE S2:processing vote from S1! args.Term=57, rf.currentTerm=65
290877 VOTE S1: S1 -> S2 RequestVote rpc fail!
290972 VOTE S1:processing vote from S0! args.Term=59, rf.currentTerm=57
290979 VOTE S1: S1 can't vote to S0! reaseon: serverState=0, votedFor=-1
290984 VOTE S3:processing vote from S0! args.Term=59, rf.currentTerm=65
291018 VOTE S2:processing vote from S0! args.Term=59, rf.currentTerm=65
291051 VOTE S4:processing vote from S0! args.Term=59, rf.currentTerm=65
291947 CLNT S2: S2 will be a candidate
291985 VOTE S4:processing vote from S2! args.Term=66, rf.currentTerm=65
291999 VOTE S4: S4 can't vote to S2! reaseon: serverState=0, votedFor=-1
292009 VOTE S0:processing vote from S2! args.Term=66, rf.currentTerm=65
292017 VOTE S0: S0 can't vote to S2! reaseon: serverState=0, votedFor=-1
292020 VOTE S2: S2 -> S0 RequestVote rpc fail!
292154 VOTE S3:processing vote from S2! args.Term=66, rf.currentTerm=65
292159 VOTE S3: S3 vote to S2!
292228 VOTE S1:processing vote from S2! args.Term=66, rf.currentTerm=59
292236 VOTE S1: S1 can't vote to S2! reaseon: serverState=0, votedFor=-1
295376 CLNT S4: S4 will be a candidate
295500 VOTE S0:processing vote from S4! args.Term=67, rf.currentTerm=66
295501 VOTE S2:processing vote from S4! args.Term=67, rf.currentTerm=66
295507 VOTE S2: S2 vote to S4!
295510 VOTE S0: S0 can't vote to S4! reaseon: serverState=0, votedFor=-1
295512 VOTE S4: S4 -> S0 RequestVote rpc fail!
295601 VOTE S3:processing vote from S4! args.Term=67, rf.currentTerm=66
295603 VOTE S1:processing vote from S4! args.Term=67, rf.currentTerm=66
295605 VOTE S3: S3 vote to S4!
295610 VOTE S1: S1 can't vote to S4! reaseon: serverState=0, votedFor=-1
297807 LEAD S4: S4(3 tickets)will be a leader! log=[{<nil> 0} {0 1} {1 1} {2 1} {3 1} {4 1} {5 1} {6 1} {7 1} {8 1} {9 1} {10 1} {11 1} {12 1} {13 1} {14 1} {15 1} {16 1} {17 1} {18 1} {19 1} {20 1} {21 1} {22 1} {23 1} {24 1} {25 1} {26 1} {27 1} {28 1} {29 1} {30 1} {31 1} {32 1} {33 1} {34 1} {35 1} {36 1} {37 1} {38 1} {39 1} {40 1} {41 1} {42 1} {43 1} {44 1} {45 1} {46 1} {47 1} {48 1} {49 1} {50 1} {51 1} {52 1} {53 1} {54 1} {55 1} {56 1} {57 1} {58 1} {59 1}]
297895 CLNT S3:args.PrevLogIndex=60, XLen=59
297939 CLNT S1:args.PrevLogIndex=60, XLen=39


297947 LEAD S4 has saved a log entry. command = 4207


298022 CLNT S0:args.PrevLogIndex=60, XLen=28
298039 CLNT S2:args.PrevLogIndex=60, XLen=59
298531 LEAD S4: send a entry to S0, log index = 33, PrevLogIndex =32, nextIndex=[33 61 61 61 62]
299308 LEAD S4: send a entry to S0, log index = 2, PrevLogIndex =1, nextIndex=[2 61 61 61 62]
299583 CLNT S0: receive logindex 2~60, log=[{<nil> 0} {0 1} {1 1} {2 1} {3 1} {4 1} {5 1} {6 1} {7 1} {8 1} {9 1} {10 1} {11 1} {12 1} {13 1} {14 1} {15 1} {16 1} {17 1} {18 1} {19 1} {20 1} {21 1} {22 1} {23 1} {24 1} {25 1} {26 1} {27 1} {28 1} {29 1} {30 1} {31 1} {32 1} {33 1} {34 1} {35 1} {36 1} {37 1} {38 1} {39 1} {40 1} {41 1} {42 1} {43 1} {44 1} {45 1} {46 1} {47 1} {48 1} {49 1} {50 1} {51 1} {52 1} {53 1} {54 1} {55 1} {56 1} {57 1} {58 1} {59 1}]
299590 CLNT S0: apply logindex=1
299590 CLNT S0: commitLogIndex=1, log=[{<nil> 0} {0 1} {1 1} {2 1} {3 1} {4 1} {5 1} {6 1} {7 1} {8 1} {9 1} {10 1} {11 1} {12 1} {13 1} {14 1} {15 1} {16 1} {17 1} {18 1} {19 1} {20 1} {21 1} {22 1} {23 1} {24 1} {25 1} {26 1} {27 1} {28 1} {29 1} {30 1} {31 1} {32 1} {33 1} {34 1} {35 1} {36 1} {37 1} {38 1} {39 1} {40 1} {41 1} {42 1} {43 1} {44 1} {45 1} {46 1} {47 1} {48 1} {49 1} {50 1} {51 1} {52 1} {53 1} {54 1} {55 1} {56 1} {57 1} {58 1} {59 1}]
302884 LEAD S4: send a entry to S2, log index = 2, PrevLogIndex =1, nextIndex=[2 61 2 61 62]
303002 CLNT S2: receive logindex 2~60, log=[{<nil> 0} {0 1} {1 1} {2 1} {3 1} {4 1} {5 1} {6 1} {7 1} {8 1} {9 1} {10 1} {11 1} {12 1} {13 1} {14 1} {15 1} {16 1} {17 1} {18 1} {19 1} {20 1} {21 1} {22 1} {23 1} {24 1} {25 1} {26 1} {27 1} {28 1} {29 1} {30 1} {31 1} {32 1} {33 1} {34 1} {35 1} {36 1} {37 1} {38 1} {39 1} {40 1} {41 1} {42 1} {43 1} {44 1} {45 1} {46 1} {47 1} {48 1} {49 1} {50 1} {51 1} {52 1} {53 1} {54 1} {55 1} {56 1} {57 1} {58 1} {59 1}]
303007 CLNT S2: apply logindex=1
303008 CLNT S2: commitLogIndex=1, log=[{<nil> 0} {0 1} {1 1} {2 1} {3 1} {4 1} {5 1} {6 1} {7 1} {8 1} {9 1} {10 1} {11 1} {12 1} {13 1} {14 1} {15 1} {16 1} {17 1} {18 1} {19 1} {20 1} {21 1} {22 1} {23 1} {24 1} {25 1} {26 1} {27 1} {28 1} {29 1} {30 1} {31 1} {32 1} {33 1} {34 1} {35 1} {36 1} {37 1} {38 1} {39 1} {40 1} {41 1} {42 1} {43 1} {44 1} {45 1} {46 1} {47 1} {48 1} {49 1} {50 1} {51 1} {52 1} {53 1} {54 1} {55 1} {56 1} {57 1} {58 1} {59 1}]
303213 CLNT S3: S3 will be a candidate
303276 VOTE S2:processing vote from S3! args.Term=68, rf.currentTerm=67
303288 VOTE S2: S2 can't vote to S3! reaseon: serverState=0, votedFor=-1
303289 VOTE S4:processing vote from S3! args.Term=68, rf.currentTerm=67
303304 VOTE S4: S4 can't vote to S3! reaseon: serverState=0, votedFor=-1
303380 VOTE S3: S3 -> S1 RequestVote rpc fail!
303413 CLNT S1: S1 will be a candidate
303451 VOTE S0:processing vote from S3! args.Term=68, rf.currentTerm=67
303465 VOTE S0: S0 can't vote to S3! reaseon: serverState=0, votedFor=-1
303470 VOTE S4:processing vote from S1! args.Term=68, rf.currentTerm=68
303471 VOTE S4: S4 can't vote to S1! reaseon: serverState=0, votedFor=-1
303646 VOTE S2:processing vote from S1! args.Term=68, rf.currentTerm=68
303647 VOTE S0:processing vote from S1! args.Term=68, rf.currentTerm=68
303658 VOTE S2: S2 vote to S1!
303662 VOTE S0: S0 vote to S1!
303663 VOTE S3:processing vote from S1! args.Term=68, rf.currentTerm=68
303663 VOTE S3: S3 can't vote to S1! reaseon: serverState=1, votedFor=3, term=68
306735 CLNT S1: S1 will be a candidate
306836 VOTE S3:processing vote from S1! args.Term=69, rf.currentTerm=68
306841 VOTE S3: S3 vote to S1!
306843 VOTE S1: S1 -> S3 RequestVote rpc fail!
306860 VOTE S4:processing vote from S1! args.Term=69, rf.currentTerm=68
306874 VOTE S4: S4 can't vote to S1! reaseon: serverState=0, votedFor=-1
306880 VOTE S0:processing vote from S1! args.Term=69, rf.currentTerm=68
306906 VOTE S0: S0 vote to S1!
306977 VOTE S2:processing vote from S1! args.Term=69, rf.currentTerm=68
307003 VOTE S2: S2 vote to S1!
310675 CLNT S3: S3 will be a candidate
310703 VOTE S4:processing vote from S3! args.Term=70, rf.currentTerm=69
310717 VOTE S4: S4 can't vote to S3! reaseon: serverState=0, votedFor=-1
310720 VOTE S3: S3 -> S4 RequestVote rpc fail!
310731 VOTE S3: S3 -> S1 RequestVote rpc fail!
310828 VOTE S2:processing vote from S3! args.Term=70, rf.currentTerm=69
310841 VOTE S2: S2 can't vote to S3! reaseon: serverState=0, votedFor=-1
310881 VOTE S0:processing vote from S3! args.Term=70, rf.currentTerm=69
310895 VOTE S0: S0 can't vote to S3! reaseon: serverState=0, votedFor=-1
311194 LEAD S1: S1(3 tickets)will be a leader! log=[{<nil> 0} {0 1} {37 3} {38 3} {39 3} {40 3} {41 3} {42 3} {43 3} {44 3} {45 3} {46 3} {47 3} {48 3} {49 3} {50 3} {51 3} {52 3} {53 3} {54 3} {55 3} {56 3}]
314490 CLNT S1: S1 will be a candidate
314601 VOTE S3:processing vote from S1! args.Term=71, rf.currentTerm=70
314606 VOTE S3: S3 vote to S1!
314625 VOTE S4:processing vote from S1! args.Term=71, rf.currentTerm=70
314639 VOTE S4: S4 can't vote to S1! reaseon: serverState=0, votedFor=-1
314657 VOTE S2:processing vote from S1! args.Term=71, rf.currentTerm=70
314684 VOTE S2: S2 vote to S1!
314690 VOTE S0:processing vote from S1! args.Term=71, rf.currentTerm=70
314718 VOTE S0: S0 vote to S1!
317365 LEAD S1: S1(3 tickets)will be a leader! log=[{<nil> 0} {0 1} {37 3} {38 3} {39 3} {40 3} {41 3} {42 3} {43 3} {44 3} {45 3} {46 3} {47 3} {48 3} {49 3} {50 3} {51 3} {52 3} {53 3} {54 3} {55 3} {56 3}]
317423 CLNT S3:args.PrevLogIndex=21, XLen=20
317933 LEAD S1: send a entry to S3, log index = 2, PrevLogIndex =1, nextIndex=[22 22 22 2 2]
318016 LEAD S1: send a entry to S4, log index = 2, PrevLogIndex =1, nextIndex=[22 22 22 2 2]
318053 CLNT S4: receive logindex 2~21, log=[{<nil> 0} {0 1} {37 3} {38 3} {39 3} {40 3} {41 3} {42 3} {43 3} {44 3} {45 3} {46 3} {47 3} {48 3} {49 3} {50 3} {51 3} {52 3} {53 3} {54 3} {55 3} {56 3}]
318089 CLNT S3: receive logindex 2~21, log=[{<nil> 0} {0 1} {37 3} {38 3} {39 3} {40 3} {41 3} {42 3} {43 3} {44 3} {45 3} {46 3} {47 3} {48 3} {49 3} {50 3} {51 3} {52 3} {53 3} {54 3} {55 3} {56 3}]
318101 LEAD S1 has saved a log entry. command = 4207
318558 LEAD S1: send a entry to S4, log index = 2, PrevLogIndex =1, nextIndex=[22 23 22 2 2]
318855 CLNT S4: receive logindex 2~21, log=[{<nil> 0} {0 1} {37 3} {38 3} {39 3} {40 3} {41 3} {42 3} {43 3} {44 3} {45 3} {46 3} {47 3} {48 3} {49 3} {50 3} {51 3} {52 3} {53 3} {54 3} {55 3} {56 3}]
319371 LEAD S1: send a entry to S4, log index = 2, PrevLogIndex =1, nextIndex=[22 23 22 1 2]
319568 CLNT S4: receive logindex 2~21, log=[{<nil> 0} {0 1} {37 3} {38 3} {39 3} {40 3} {41 3} {42 3} {43 3} {44 3} {45 3} {46 3} {47 3} {48 3} {49 3} {50 3} {51 3} {52 3} {53 3} {54 3} {55 3} {56 3}]
319645 LEAD S1: send a entry to S3, log index = 1, PrevLogIndex =0, nextIndex=[22 23 22 1 2]
319882 CLNT S3: receive logindex 1~1, log=[{<nil> 0} {0 1}]
320273 LEAD S1: send a entry to S0, log index = 1, PrevLogIndex =0, nextIndex=[1 23 22 1 2]
320311 CLNT S0: receive logindex 1~1, log=[{<nil> 0} {0 1}]
320890 LEAD S1: send a entry to S2, log index = 2, PrevLogIndex =1, nextIndex=[1 23 2 1 2]
320949 CLNT S2: receive logindex 2~21, log=[{<nil> 0} {0 1} {37 3} {38 3} {39 3} {40 3} {41 3} {42 3} {43 3} {44 3} {45 3} {46 3} {47 3} {48 3} {49 3} {50 3} {51 3} {52 3} {53 3} {54 3} {55 3} {56 3}]
321468 LEAD S1: send a entry to S2, log index = 22, PrevLogIndex =21, nextIndex=[1 23 22 1 2]
321497 CLNT S2: receive logindex 22~22, log=[{<nil> 0} {0 1} {37 3} {38 3} {39 3} {40 3} {41 3} {42 3} {43 3} {44 3} {45 3} {46 3} {47 3} {48 3} {49 3} {50 3} {51 3} {52 3} {53 3} {54 3} {55 3} {56 3} {4207 71}]
322819 LEAD S1: send a entry to S3, log index = 2, PrevLogIndex =1, nextIndex=[1 23 22 2 2]
322897 CLNT S3: receive logindex 2~21, log=[{<nil> 0} {0 1} {37 3} {38 3} {39 3} {40 3} {41 3} {42 3} {43 3} {44 3} {45 3} {46 3} {47 3} {48 3} {49 3} {50 3} {51 3} {52 3} {53 3} {54 3} {55 3} {56 3}]
324898 CLNT S4: S4 will be a candidate
324949 VOTE S1:processing vote from S4! args.Term=72, rf.currentTerm=71
324957 VOTE S1: S1 can't vote to S4! reaseon: serverState=0, votedFor=-1
324959 VOTE S4: S4 -> S1 RequestVote rpc fail!
324994 VOTE S3:processing vote from S4! args.Term=72, rf.currentTerm=71
325006 VOTE S3: S3 vote to S4!
325015 VOTE S2:processing vote from S4! args.Term=72, rf.currentTerm=71
325021 VOTE S2: S2 can't vote to S4! reaseon: serverState=0, votedFor=-1
325081 VOTE S0:processing vote from S4! args.Term=72, rf.currentTerm=71
325086 VOTE S0: S0 vote to S4!
325088 VOTE S4: S4 -> S0 RequestVote rpc fail!
329056 CLNT S0: S0 will be a candidate
329069 VOTE S3:processing vote from S0! args.Term=73, rf.currentTerm=72
329076 VOTE S3: S3 can't vote to S0! reaseon: serverState=0, votedFor=-1
329231 VOTE S2:processing vote from S0! args.Term=73, rf.currentTerm=72
329239 VOTE S2: S2 can't vote to S0! reaseon: serverState=0, votedFor=-1
329284 VOTE S4:processing vote from S0! args.Term=73, rf.currentTerm=72
329291 VOTE S4: S4 can't vote to S0! reaseon: serverState=0, votedFor=-1
329338 VOTE S1:processing vote from S0! args.Term=73, rf.currentTerm=72
329346 VOTE S1: S1 can't vote to S0! reaseon: serverState=0, votedFor=-1
332136 CLNT S2: S2 will be a candidate
332165 VOTE S4:processing vote from S2! args.Term=74, rf.currentTerm=73
332178 VOTE S4: S4 vote to S2!
332198 VOTE S3:processing vote from S2! args.Term=74, rf.currentTerm=73
332211 VOTE S3: S3 vote to S2!
332237 VOTE S2: S2 -> S0 RequestVote rpc fail!
332408 VOTE S1:processing vote from S2! args.Term=74, rf.currentTerm=73
332422 VOTE S1: S1 vote to S2!
333945 CLNT S0: S0 will be a candidate
333981 VOTE S1:processing vote from S0! args.Term=74, rf.currentTerm=74
333982 VOTE S1: S1 can't vote to S0! reaseon: serverState=0, votedFor=2, term=74
333984 VOTE S0: S0 -> S1 RequestVote rpc fail!
334005 VOTE S3:processing vote from S0! args.Term=74, rf.currentTerm=74
334006 VOTE S3: S3 can't vote to S0! reaseon: serverState=0, votedFor=2, term=74
334078 VOTE S2:processing vote from S0! args.Term=74, rf.currentTerm=74
334079 VOTE S2: S2 can't vote to S0! reaseon: serverState=1, votedFor=2, term=74
334209 VOTE S4:processing vote from S0! args.Term=74, rf.currentTerm=74
334210 VOTE S4: S4 can't vote to S0! reaseon: serverState=0, votedFor=2, term=74
337047 LEAD S2: S2(3 tickets)will be a leader! log=[{<nil> 0} {0 1} {37 3} {38 3} {39 3} {40 3} {41 3} {42 3} {43 3} {44 3} {45 3} {46 3} {47 3} {48 3} {49 3} {50 3} {51 3} {52 3} {53 3} {54 3} {55 3} {56 3} {4207 71}]
337083 CLNT S3:args.PrevLogIndex=22, XLen=1
337106 CLNT S1: apply logindex=1
337107 CLNT S1: commitLogIndex=1, log=[{<nil> 0} {0 1} {37 3} {38 3} {39 3} {40 3} {41 3} {42 3} {43 3} {44 3} {45 3} {46 3} {47 3} {48 3} {49 3} {50 3} {51 3} {52 3} {53 3} {54 3} {55 3} {56 3} {4207 71}]
337210 CLNT S4:args.PrevLogIndex=22, XLen=1
337287 CLNT S0:args.PrevLogIndex=22, XLen=21
337591 LEAD S2: send a entry to S3, log index = 22, PrevLogIndex =21, nextIndex=[23 23 23 22 23]
337608 CLNT S3: receive logindex 22~22, log=[{<nil> 0} {0 1} {37 3} {38 3} {39 3} {40 3} {41 3} {42 3} {43 3} {44 3} {45 3} {46 3} {47 3} {48 3} {49 3} {50 3} {51 3} {52 3} {53 3} {54 3} {55 3} {56 3} {4207 71}]
337611 CLNT S3: apply logindex=1
337611 CLNT S3: commitLogIndex=1, log=[{<nil> 0} {0 1} {37 3} {38 3} {39 3} {40 3} {41 3} {42 3} {43 3} {44 3} {45 3} {46 3} {47 3} {48 3} {49 3} {50 3} {51 3} {52 3} {53 3} {54 3} {55 3} {56 3} {4207 71}]
338276 LEAD S2 has saved a log entry. command = 4207
340686 LEAD S2: send a entry to S0, log index = 2, PrevLogIndex =1, nextIndex=[2 23 24 22 23]
340930 CLNT S0: receive logindex 2~21, log=[{<nil> 0} {0 1} {37 3} {38 3} {39 3} {40 3} {41 3} {42 3} {43 3} {44 3} {45 3} {46 3} {47 3} {48 3} {49 3} {50 3} {51 3} {52 3} {53 3} {54 3} {55 3} {56 3}]
341213 CLNT S1: S1 will be a candidate
341314 VOTE S4:processing vote from S1! args.Term=75, rf.currentTerm=74
341327 VOTE S4: S4 vote to S1!
341329 VOTE S1: S1 -> S4 RequestVote rpc fail!
341368 VOTE S2:processing vote from S1! args.Term=75, rf.currentTerm=74
341376 VOTE S2: S2 can't vote to S1! reaseon: serverState=0, votedFor=-1
341455 VOTE S1: S1 -> S3 RequestVote rpc fail!
341472 VOTE S0:processing vote from S1! args.Term=75, rf.currentTerm=74
341485 VOTE S0: S0 vote to S1!
343388 CLNT S3: S3 will be a candidate
343480 VOTE S0:processing vote from S3! args.Term=75, rf.currentTerm=75
343481 VOTE S0: S0 can't vote to S3! reaseon: serverState=0, votedFor=1, term=75
343602 VOTE S1:processing vote from S3! args.Term=75, rf.currentTerm=75
343603 VOTE S1: S1 can't vote to S3! reaseon: serverState=1, votedFor=1, term=75
343604 VOTE S4:processing vote from S3! args.Term=75, rf.currentTerm=75
343605 VOTE S4: S4 can't vote to S3! reaseon: serverState=0, votedFor=1, term=75
343650 VOTE S2:processing vote from S3! args.Term=75, rf.currentTerm=75
343651 VOTE S2: S2 can't vote to S3! reaseon: serverState=0, votedFor=-1
346755 CLNT S0: S0 will be a candidate
346894 VOTE S1:processing vote from S0! args.Term=76, rf.currentTerm=75
346902 VOTE S1: S1 can't vote to S0! reaseon: serverState=0, votedFor=-1
346961 VOTE S3:processing vote from S0! args.Term=76, rf.currentTerm=75
346969 VOTE S3: S3 can't vote to S0! reaseon: serverState=0, votedFor=-1
346983 VOTE S2:processing vote from S0! args.Term=76, rf.currentTerm=75
346991 VOTE S2: S2 can't vote to S0! reaseon: serverState=0, votedFor=-1
346993 VOTE S0: S0 -> S2 RequestVote rpc fail!
347036 VOTE S4:processing vote from S0! args.Term=76, rf.currentTerm=75
347049 VOTE S4: S4 vote to S0!
350904 CLNT S2: S2 will be a candidate
351008 CLNT S3: S3 will be a candidate
351016 VOTE S3:processing vote from S2! args.Term=77, rf.currentTerm=77
351016 VOTE S3: S3 can't vote to S2! reaseon: serverState=1, votedFor=3, term=77
351024 VOTE S2:processing vote from S3! args.Term=77, rf.currentTerm=77
351025 VOTE S2: S2 can't vote to S3! reaseon: serverState=1, votedFor=2, term=77
351116 VOTE S4:processing vote from S2! args.Term=77, rf.currentTerm=76
351128 VOTE S0:processing vote from S2! args.Term=77, rf.currentTerm=76
351129 VOTE S4: S4 vote to S2!
351136 VOTE S1:processing vote from S2! args.Term=77, rf.currentTerm=76
351142 VOTE S0: S0 vote to S2!
351149 VOTE S1: S1 vote to S2!
351183 VOTE S0:processing vote from S3! args.Term=77, rf.currentTerm=77
351184 VOTE S0: S0 can't vote to S3! reaseon: serverState=0, votedFor=2, term=77
351195 VOTE S1:processing vote from S3! args.Term=77, rf.currentTerm=77
351196 VOTE S1: S1 can't vote to S3! reaseon: serverState=0, votedFor=2, term=77
351261 VOTE S4:processing vote from S3! args.Term=77, rf.currentTerm=77
351262 VOTE S4: S4 can't vote to S3! reaseon: serverState=0, votedFor=2, term=77
355263 CLNT S1: S1 will be a candidate
355279 VOTE S0:processing vote from S1! args.Term=78, rf.currentTerm=77
355292 VOTE S0: S0 vote to S1!
355324 VOTE S4:processing vote from S1! args.Term=78, rf.currentTerm=77
355337 VOTE S4: S4 vote to S1!
355507 VOTE S3:processing vote from S1! args.Term=78, rf.currentTerm=77
355521 VOTE S3: S3 vote to S1!
355541 VOTE S2:processing vote from S1! args.Term=78, rf.currentTerm=77
355549 VOTE S2: S2 can't vote to S1! reaseon: serverState=0, votedFor=-1
357608 LEAD S1: S1(3 tickets)will be a leader! log=[{<nil> 0} {0 1} {37 3} {38 3} {39 3} {40 3} {41 3} {42 3} {43 3} {44 3} {45 3} {46 3} {47 3} {48 3} {49 3} {50 3} {51 3} {52 3} {53 3} {54 3} {55 3} {56 3} {4207 71}]
358393 LEAD S1 has saved a log entry. command = 4207
358589 CLNT S0:args.PrevLogIndex=22, XLen=1
358956 LEAD S1: send a entry to S4, log index = 23, PrevLogIndex =22, nextIndex=[23 24 23 23 23]
359038 CLNT S4:args.PrevLogIndex=22, XLen=1
360890 LEAD S1: send a entry to S2, log index = 23, PrevLogIndex =22, nextIndex=[23 24 23 23 23]
361603 LEAD S1: send a entry to S4, log index = 22, PrevLogIndex =21, nextIndex=[23 24 23 23 22]
361626 LEAD S1: send a entry to S2, log index = 23, PrevLogIndex =22, nextIndex=[23 24 23 23 22]
361839 CLNT S2: receive logindex 23~23, log=[{<nil> 0} {0 1} {37 3} {38 3} {39 3} {40 3} {41 3} {42 3} {43 3} {44 3} {45 3} {46 3} {47 3} {48 3} {49 3} {50 3} {51 3} {52 3} {53 3} {54 3} {55 3} {56 3} {4207 71} {4207 78}]
362246 LEAD S1: send a entry to S4, log index = 22, PrevLogIndex =21, nextIndex=[23 24 23 23 22]
362298 CLNT S4: receive logindex 22~22, log=[{<nil> 0} {0 1} {37 3} {38 3} {39 3} {40 3} {41 3} {42 3} {43 3} {44 3} {45 3} {46 3} {47 3} {48 3} {49 3} {50 3} {51 3} {52 3} {53 3} {54 3} {55 3} {56 3} {4207 71}]
363866 LEAD S1: send a entry to S3, log index = 23, PrevLogIndex =22, nextIndex=[23 24 23 23 22]
363960 CLNT S3: S3 will be a candidate
364032 VOTE S1:processing vote from S3! args.Term=79, rf.currentTerm=78
364039 VOTE S3: S3 -> S4 RequestVote rpc fail!
364040 VOTE S1: S1 can't vote to S3! reaseon: serverState=0, votedFor=-1
364131 VOTE S0:processing vote from S3! args.Term=79, rf.currentTerm=78
364143 VOTE S0: S0 vote to S3!
364146 VOTE S3: S3 -> S0 RequestVote rpc fail!
364185 VOTE S2:processing vote from S3! args.Term=79, rf.currentTerm=78
364193 VOTE S2: S2 can't vote to S3! reaseon: serverState=0, votedFor=-1
366783 CLNT S4: S4 will be a candidate
366892 VOTE S3:processing vote from S4! args.Term=79, rf.currentTerm=79
366893 VOTE S3: S3 can't vote to S4! reaseon: serverState=1, votedFor=3, term=79
366956 VOTE S0:processing vote from S4! args.Term=79, rf.currentTerm=79
366957 VOTE S0: S0 can't vote to S4! reaseon: serverState=0, votedFor=3, term=79
366965 VOTE S2:processing vote from S4! args.Term=79, rf.currentTerm=79
366966 VOTE S2: S2 can't vote to S4! reaseon: serverState=0, votedFor=-1
367044 VOTE S1:processing vote from S4! args.Term=79, rf.currentTerm=79
367045 VOTE S1: S1 can't vote to S4! reaseon: serverState=0, votedFor=-1
369962 CLNT S2: S2 will be a candidate
369992 VOTE S0:processing vote from S2! args.Term=80, rf.currentTerm=79
370005 VOTE S0: S0 vote to S2!
370145 VOTE S3:processing vote from S2! args.Term=80, rf.currentTerm=79
370158 VOTE S3: S3 vote to S2!
370165 VOTE S1:processing vote from S2! args.Term=80, rf.currentTerm=79
370178 VOTE S1: S1 vote to S2!
370183 LEAD S2: S2(3 tickets)will be a leader! log=[{<nil> 0} {0 1} {37 3} {38 3} {39 3} {40 3} {41 3} {42 3} {43 3} {44 3} {45 3} {46 3} {47 3} {48 3} {49 3} {50 3} {51 3} {52 3} {53 3} {54 3} {55 3} {56 3} {4207 71} {4207 78}]
370195 CLNT S4:args.PrevLogIndex=23, XLen=1
370195 VOTE S4:processing vote from S2! args.Term=80, rf.currentTerm=80
370196 VOTE S4: S4 can't vote to S2! reaseon: serverState=0, votedFor=4, term=80
370198 CLNT S0:args.PrevLogIndex=23, XLen=2
370420 CLNT S3:args.PrevLogIndex=23, XLen=1
370938 LEAD S2: send a entry to S3, log index = 23, PrevLogIndex =22, nextIndex=[24 24 24 23 24]
371525 LEAD S2: send a entry to S3, log index = 23, PrevLogIndex =22, nextIndex=[24 24 24 23 24]
371541 CLNT S3: receive logindex 23~23, log=[{<nil> 0} {0 1} {37 3} {38 3} {39 3} {40 3} {41 3} {42 3} {43 3} {44 3} {45 3} {46 3} {47 3} {48 3} {49 3} {50 3} {51 3} {52 3} {53 3} {54 3} {55 3} {56 3} {4207 71} {4207 78}]
374647 CLNT S0: S0 will be a candidate
374686 VOTE S2:processing vote from S0! args.Term=81, rf.currentTerm=80
374694 VOTE S2: S2 can't vote to S0! reaseon: serverState=0, votedFor=-1
374876 VOTE S3:processing vote from S0! args.Term=81, rf.currentTerm=80
374883 VOTE S3: S3 can't vote to S0! reaseon: serverState=0, votedFor=-1
374889 VOTE S1:processing vote from S0! args.Term=81, rf.currentTerm=80
374897 VOTE S1: S1 can't vote to S0! reaseon: serverState=0, votedFor=-1
374904 VOTE S4:processing vote from S0! args.Term=81, rf.currentTerm=80
374912 VOTE S4: S4 can't vote to S0! reaseon: serverState=0, votedFor=-1
374914 VOTE S0: S0 -> S4 RequestVote rpc fail!
378937 CLNT S1: S1 will be a candidate
379059 VOTE S2:processing vote from S1! args.Term=82, rf.currentTerm=81
379073 VOTE S2: S2 vote to S1!
379088 VOTE S1: S1 -> S4 RequestVote rpc fail!
379093 VOTE S0:processing vote from S1! args.Term=82, rf.currentTerm=81
379106 VOTE S0: S0 vote to S1!
379215 VOTE S3:processing vote from S1! args.Term=82, rf.currentTerm=81
379229 VOTE S3: S3 vote to S1!
380830 CLNT S4: S4 will be a candidate
380945 VOTE S0:processing vote from S4! args.Term=82, rf.currentTerm=82
380946 VOTE S0: S0 can't vote to S4! reaseon: serverState=0, votedFor=1, term=82
380967 VOTE S3:processing vote from S4! args.Term=82, rf.currentTerm=82
380968 VOTE S3: S3 can't vote to S4! reaseon: serverState=0, votedFor=1, term=82
381001 VOTE S1:processing vote from S4! args.Term=82, rf.currentTerm=82
381002 VOTE S1: S1 can't vote to S4! reaseon: serverState=1, votedFor=1, term=82
381034 VOTE S2:processing vote from S4! args.Term=82, rf.currentTerm=82
381035 VOTE S2: S2 can't vote to S4! reaseon: serverState=0, votedFor=1, term=82
384807 CLNT S3: S3 will be a candidate
384823 VOTE S2:processing vote from S3! args.Term=83, rf.currentTerm=82
384838 VOTE S2: S2 vote to S3!
384866 VOTE S4:processing vote from S3! args.Term=83, rf.currentTerm=82
384878 VOTE S4: S4 vote to S3!
384929 VOTE S1:processing vote from S3! args.Term=83, rf.currentTerm=82
384943 VOTE S1: S1 vote to S3!
385043 VOTE S0:processing vote from S3! args.Term=83, rf.currentTerm=82
385056 VOTE S0: S0 vote to S3!
388256 LEAD S3: S3(3 tickets)will be a leader! log=[{<nil> 0} {0 1} {37 3} {38 3} {39 3} {40 3} {41 3} {42 3} {43 3} {44 3} {45 3} {46 3} {47 3} {48 3} {49 3} {50 3} {51 3} {52 3} {53 3} {54 3} {55 3} {56 3} {4207 71} {4207 78}]
388342 CLNT S0:args.PrevLogIndex=23, XLen=2
388461 CLNT S4:args.PrevLogIndex=23, XLen=1
--- FAIL: TestFigure8Unreliable3C (38.86s)
    config.go:603: one(4207) failed to reach agreement
FAIL
exit status 1
FAIL	6.5840/raft	38.890s
