Test: Basic leave/join ...
  ... Passed
Test: Historical queries ...
  ... Passed
Test: Move ...
  ... Passed
Test: Concurrent leave/join ...
  ... Passed
Test: Minimal transfers after joins ...
  ... Passed
Test: Minimal transfers after leaves ...
  ... Passed
Test: minimal movement again ...
  ... Passed
Test: Multi-group join/leave ...
  ... Passed
Test: Concurrent multi leave/join ...
  ... Passed
Test: Minimal transfers after multijoins ...
  ... Passed
Test: Minimal transfers after multileaves ...
  ... Passed
Test: Check Same config on servers ...
  ... Passed
PASS
ok  	6.5840/shardctrler	3.959s
