

Test: one client (4A) ...
labgob warning: Decoding into a non-default variable/field Err may not work
  ... Passed --  15.1  5  4710  845
Test: ops complete fast enough (4A) ...
  ... Passed --  18.8  3  3913    0
Test: many clients (4A) ...
  ... Passed --  15.5  5  6744 1418
Test: unreliable net, many clients (4A) ...
  ... Passed --  16.4  5  5184 1020
Test: concurrent append to same key, unreliable (4A) ...
  ... Passed --   1.1  3   210   52
Test: progress in majority (4A) ...
  ... Passed --   0.6  5    68    2
Test: no progress in minority (4A) ...
  ... Passed --   1.0  5   102    3
Test: completion after heal (4A) ...
  ... Passed --   1.0  5    56    3
Test: partitions, one client (4A) ...
  ... Passed --  22.8  5  4848  699
Test: partitions, many clients (4A) ...
  ... Passed --  23.0  5 29242 1240
Test: restarts, one client (4A) ...
  ... Passed --  19.8  5  7552  868
Test: restarts, many clients (4A) ...
  ... Passed --  20.2  5 18958 1413
Test: unreliable net, restarts, many clients (4A) ...
  ... Passed --  21.3  5  5959 1022
Test: restarts, partitions, many clients (4A) ...
  ... Passed --  27.3  5 21270 1261
Test: unreliable net, restarts, partitions, many clients (4A) ...
  ... Passed --  29.3  5  5639  831
Test: unreliable net, restarts, partitions, random keys, many clients (4A) ...
  ... Passed --  31.1  7 10672 1121
PASS
ok  	6.5840/kvraft	265.703s


Test: one client (4A) ...
labgob warning: Decoding into a non-default variable/field Err may not work
  ... Passed --  15.1  5  4876  837
Test: ops complete fast enough (4A) ...
  ... Passed --  18.6  3  3916    0
Test: many clients (4A) ...
signal: interrupt
FAIL	6.5840/kvraft	35.236s


Test: one client (4A) ...
labgob warning: Decoding into a non-default variable/field Err may not work
signal: interrupt
FAIL	6.5840/kvraft	1.924s


