Test: one client (4A) ...
labgob warning: Decoding into a non-default variable/field Err may not work
  ... Passed --  15.1  5  9436  569
Test: ops complete fast enough (4A) ...
  ... Passed --  26.1  3 11743    0
Test: many clients (4A) ...
  ... Passed --  15.4  5 42158 2884
Test: unreliable net, many clients (4A) ...
  ... Passed --  18.0  5  5669  694
Test: concurrent append to same key, unreliable (4A) ...
  ... Passed --   2.2  3   310   52
Test: progress in majority (4A) ...
  ... Passed --   0.8  5   109    2
Test: no progress in minority (4A) ...
  ... Passed --   1.6  5   403    3
Test: completion after heal (4A) ...
  ... Passed --   1.1  5    73    3
Test: partitions, one client (4A) ...
  ... Passed --  26.2  5 10025  311
Test: partitions, many clients (4A) ...
  ... Passed --  22.8  5 25187 1359
Test: restarts, one client (4A) ...
  ... Passed --  19.8  5 22908  577
Test: restarts, many clients (4A) ...
  ... Passed --  22.4  5 107421 2942
Test: unreliable net, restarts, many clients (4A) ...
  ... Passed --  27.0  5  6799  620
Test: restarts, partitions, many clients (4A) ...
  ... Passed --  27.7  5 51109 1279
Test: unreliable net, restarts, partitions, many clients (4A) ...
  ... Passed --  32.3  5  5609  380
Test: unreliable net, restarts, partitions, random keys, many clients (4A) ...
  ... Passed --  38.9  7 17339 1256
PASS
ok  	6.5840/kvraft	298.064s
