Test (5B): join then leave ...
  ... Passed
Test (5B): snapshots, join, and leave ...
  ... Passed
Test (5B): servers miss configuration changes...
  ... Passed
Test (5B): concurrent puts and configuration changes...
  ... Passed
Test (5B): more concurrent puts and configuration changes...
  ... Passed
Test (5B): concurrent configuration change and restart...
  ... Passed
Test (5B): unreliable 1...
  ... Passed
Test (5B): unreliable 2...
  ... Passed
Test (5B): unreliable 3...
  ... Passed
PASS
ok  	6.5840/shardkv	76.233s
