Test (5B): unreliable 3...
006558 *SERV S-101-0:pollNewConfig, num=1
006766 *SERV S-102-0:pollNewConfig, num=1
006996 *SERV S-100-2:pollNewConfig, num=1
008494 *SERV S-100-2:pollNewConfig, num=1
008744 *SERV S-100-2: op = 1, shard=8,kv.dataMap[0] = 6B_Oa
009389 *SERV S-100-0: op = 1, shard=8,kv.dataMap[0] = 6B_Oa
010305 *SERV S-100-2: op = 1, shard=9,kv.dataMap[1] = HBQf3
010836 *SERV S-100-0: op = 1, shard=9,kv.dataMap[1] = HBQf3
010870 *SERV S-100-2: op = 1, shard=0,kv.dataMap[2] = WLkfv
011384 *SERV S-100-0: op = 1, shard=0,kv.dataMap[2] = WLkfv
011687 *SERV S-100-2: op = 1, shard=1,kv.dataMap[3] = ptvfj
012431 *SERV S-100-0: op = 1, shard=1,kv.dataMap[3] = ptvfj
013482 *SERV S-100-2: op = 1, shard=2,kv.dataMap[4] = 7SqS3
013688 *SERV S-100-0: op = 1, shard=2,kv.dataMap[4] = 7SqS3
013692 *SERV S-100-2: op = 1, shard=3,kv.dataMap[5] = _89dx
014538 *SERV S-100-0: op = 1, shard=3,kv.dataMap[5] = _89dx
014541 *SERV S-100-2: op = 1, shard=4,kv.dataMap[6] = NaXKK
015386 *SERV S-100-0: op = 1, shard=4,kv.dataMap[6] = NaXKK
015390 *SERV S-100-2: op = 1, shard=5,kv.dataMap[7] = AId7K
015979 *SERV S-100-0: op = 1, shard=5,kv.dataMap[7] = AId7K
015982 *SERV S-100-2: op = 1, shard=6,kv.dataMap[8] = UqAER
017205 *SERV S-100-0: op = 1, shard=6,kv.dataMap[8] = UqAER
019445 *SERV S-100-2: op = 1, shard=7,kv.dataMap[9] = _tVfP
020280 *SERV S-100-1: op = 1, shard=7,kv.dataMap[9] = _tVfP
021274 *SERV S-100-2: op = 2, shard=2,kv.dataMap[4] = 7SqS37fJd6
021350 *LEAD S2: -res3={{0 6  610988213282305493 0}  ErrRepeatRequest}
021357 *SERV S-100-2: op = 2, shard=0,kv.dataMap[2] = WLkfv360CO
021378 *LEAD S2: -res3={{0 4  3969004110640089920 0}  ErrRepeatRequest}
021389 *SERV S-100-0: op = 2, shard=2,kv.dataMap[4] = 7SqS37fJd6
021391 *SERV S-100-2: op = 2, shard=4,kv.dataMap[6] = NaXKKYYTsK
021392 *SERV S-100-2: op = 2, shard=7,kv.dataMap[9] = _tVfP9HNmF
021434 *SERV S-100-2: op = 2, shard=4,kv.dataMap[6] = NaXKKYYTsKpJ4RJ
021686 *SERV S-101-0:pollNewConfig, num=2
021736 *SERV S-100-2:pollNewConfig, num=2
021787 *SERV S-102-0:pollNewConfig, num=2
022378 *SERV S-100-2:pollNewConfig, num=2
022386 *LEAD S2: -res3={{0 0  2491768186163635038 0}  ErrRepeatRequest}
022386 *LEAD S2: -res3={{0 3  4320953175836362732 0}  ErrRepeatRequest}
022438 *LEAD S2: -res3={{0 7  4424239237797067085 0}  ErrWrongGroup}
022447 *SERV S-100-2: op = 2, shard=1,kv.dataMap[3] = ptvfjpuPTP
022448 *SERV S-100-2: op = 2, shard=2,kv.dataMap[4] = 7SqS37fJd6Jn0cV
022547 *SERV S-100-0: op = 2, shard=1,kv.dataMap[3] = ptvfjpuPTP
022552 *SERV S-100-0: op = 2, shard=2,kv.dataMap[4] = 7SqS37fJd6Jn0cV
022657 *SERV S-101-0:update shardVliad, config.Num=1, shard=9,shardValid=map[9:true],pulldata=map[1:HBQf3]
022740 *SERV S-101-0:update shardVliad, config.Num=1, shard=5,shardValid=map[5:true 9:true],pulldata=map[7:AId7K]
023077 *LEAD S2: -res3={{0 2  3838412438421873829 0}  ErrRepeatRequest}
023078 *LEAD S2: -res3={{0 6  3148644497405702891 0}  ErrRepeatRequest}
023257 *SERV S-100-2: op = 2, shard=0,kv.dataMap[2] = WLkfv360CO3wtZa
023266 *SERV S-101-1:update shardVliad, config.Num=1, shard=9,shardValid=map[9:true],pulldata=map[1:HBQf3]
023268 *SERV S-101-1:update shardVliad, config.Num=1, shard=5,shardValid=map[5:true 9:true],pulldata=map[7:AId7K]
023272 *SERV S-101-0:update shardVliad, config.Num=1, shard=6,shardValid=map[5:true 6:true 9:true],pulldata=map[8:UqAER]
023275 *SERV S-101-2:update shardVliad, config.Num=1, shard=9,shardValid=map[9:true],pulldata=map[1:HBQf3]
023276 *SERV S-101-2:update shardVliad, config.Num=1, shard=5,shardValid=map[5:true 9:true],pulldata=map[7:AId7K]
023627 *SERV S-100-0: op = 2, shard=0,kv.dataMap[2] = WLkfv360CO3wtZa
023904 *SERV S-101-2:update shardVliad, config.Num=1, shard=6,shardValid=map[5:true 6:true 9:true],pulldata=map[8:UqAER]
023908 *SERV S-101-1:update shardVliad, config.Num=1, shard=6,shardValid=map[5:true 6:true 9:true],pulldata=map[8:UqAER]
023929 *SERV S-101-0: op = 2, shard=6,kv.dataMap[8] = UqAERG-iqN
023937 *SERV S-100-2: op = 1, shard=1,kv.dataMap[3] = ETiP7
024061 *SERV S-101-1: op = 2, shard=6,kv.dataMap[8] = UqAERG-iqN
024165 *SERV S-100-0: op = 1, shard=1,kv.dataMap[3] = ETiP7
024168 *LEAD S2: -res3={{0 6  4205023712250192063 0}  ErrRepeatRequest}
024238 *SERV S-101-0:update shardVliad, config.Num=1, shard=7,shardValid=map[5:true 6:true 7:true 9:true],pulldata=map[9:_tVfP9HNmF]
024239 *SERV S-101-0: op = 2, shard=7,kv.dataMap[9] = _tVfP9HNmFrrBkt
024259 *LEAD S0: -res3={{0 9  3994172092461159072 0}  ErrRepeatRequest}
024342 *LEAD S2: -res3={{0 6  2670929736672861707 0}  ErrRepeatRequest}
024357 *SERV S-101-1:update shardVliad, config.Num=1, shard=7,shardValid=map[5:true 6:true 7:true 9:true],pulldata=map[9:_tVfP9HNmF]
024358 *SERV S-101-1: op = 2, shard=7,kv.dataMap[9] = _tVfP9HNmFrrBkt
024359 *SERV S-101-0:update shardVliad, config.Num=1, shard=8,shardValid=map[5:true 6:true 7:true 8:true 9:true],pulldata=map[0:6B_Oa]
024513 *SERV S-101-2:update shardVliad, config.Num=1, shard=7,shardValid=map[5:true 6:true 7:true 9:true],pulldata=map[9:_tVfP9HNmF]
024515 *SERV S-101-2: op = 2, shard=7,kv.dataMap[9] = _tVfP9HNmFrrBkt
024817 *SERV S-101-1:update shardVliad, config.Num=1, shard=8,shardValid=map[5:true 6:true 7:true 8:true 9:true],pulldata=map[0:6B_Oa]
024821 *LEAD S0: -res3={{0 8  1114310544836430137 0}  ErrRepeatRequest}
024956 *SERV S-101-2:update shardVliad, config.Num=1, shard=8,shardValid=map[5:true 6:true 7:true 8:true 9:true],pulldata=map[0:6B_Oa]
025082 *LEAD S0: -res3={{0 0  879495456466830358 0}  ErrRepeatRequest}
025594 *SERV S-101-0: op = 2, shard=9,kv.dataMap[1] = HBQf3DGKV_
025595 *SERV S-101-0: op = 2, shard=8,kv.dataMap[0] = 6B_Oaq6eh3
025732 *SERV S-101-2: op = 2, shard=9,kv.dataMap[1] = HBQf3DGKV_
025733 *SERV S-101-2: op = 2, shard=8,kv.dataMap[0] = 6B_Oaq6eh3
025737 *LEAD S0: -res3={{0 7  1492941491821967954 0}  ErrRepeatRequest}
025737 *LEAD S0: -res3={{0 8  2081250071923336235 0}  ErrRepeatRequest}
025762 *SERV S-100-2: op = 2, shard=1,kv.dataMap[3] = ETiP7_QSWL
025762 *LEAD S2: -res3={{0 6  2744787773215202944 0}  ErrRepeatRequest}
025817 *SERV S-100-2: op = 1, shard=3,kv.dataMap[5] = KZdFc
026154 *SERV S-101-0: op = 2, shard=9,kv.dataMap[1] = HBQf3DGKV_LiXwO
026156 *LEAD S0: -res3={{0 0  4379553058871588735 0}  ErrRepeatRequest}
026256 *SERV S-100-1: op = 2, shard=1,kv.dataMap[3] = ETiP7_QSWL
026261 *SERV S-100-1: op = 1, shard=3,kv.dataMap[5] = KZdFc
026340 *SERV S-101-2: op = 2, shard=9,kv.dataMap[1] = HBQf3DGKV_LiXwO
026345 *SERV S-101-0: op = 1, shard=7,kv.dataMap[9] = I01cb
026346 *SERV S-101-0: op = 1, shard=6,kv.dataMap[8] = 5ON6W
026396 *SERV S-100-2: op = 2, shard=2,kv.dataMap[4] = 7SqS37fJd6Jn0cVSV76Y
026581 *SERV S-100-2: op = 2, shard=4,kv.dataMap[6] = NaXKKYYTsKpJ4RJt5hVU
026582 *LEAD S2: -res3={{0 2  258523893180956625 0}  ErrRepeatRequest}
026596 *SERV S-100-1: op = 2, shard=2,kv.dataMap[4] = 7SqS37fJd6Jn0cVSV76Y
026597 *SERV S-100-2: op = 2, shard=3,kv.dataMap[5] = KZdFchlabs
026761 *SERV S-100-1: op = 2, shard=4,kv.dataMap[6] = NaXKKYYTsKpJ4RJt5hVU
026763 *LEAD S2: -res3={{0 6  2519350061614517711 0}  ErrRepeatRequest}
026772 *LEAD S2: -res3={{0 6  3948257082597294230 0}  ErrRepeatRequest}
026777 *SERV S-100-1: op = 2, shard=3,kv.dataMap[5] = KZdFchlabs
026925 *SERV S-101-0:pollNewConfig, num=3
027091 *SERV S-101-2: op = 1, shard=7,kv.dataMap[9] = I01cb
027091 *SERV S-101-2: op = 1, shard=6,kv.dataMap[8] = 5ON6W
027093 *SERV S-100-2:pollNewConfig, num=3
027095 *LEAD S0: -res3={{0 9  3292716059745618496 0}  ErrRepeatRequest}
027101 *SERV S-100-2: op = 2, shard=2,kv.dataMap[4] = 7SqS37fJd6Jn0cVSV76Y2-xxe
027101 *SERV S-100-2: op = 2, shard=3,kv.dataMap[5] = KZdFchlabsvuH1E
027112 *SERV S-101-0: op = 2, shard=7,kv.dataMap[9] = I01cbV432A
027117 *LEAD S0: -res3={{0 9  757764526647977662 0}  ErrRepeatRequest}
027170 *SERV S-100-1: op = 2, shard=2,kv.dataMap[4] = 7SqS37fJd6Jn0cVSV76Y2-xxe
027170 *SERV S-100-1: op = 2, shard=3,kv.dataMap[5] = KZdFchlabsvuH1E
027174 *SERV S-100-2: op = 2, shard=0,kv.dataMap[2] = WLkfv360CO3wtZaQlnN8
027182 *LEAD S2: -res3={{0 5  1923417088270015769 0}  ErrRepeatRequest}
027351 *SERV S-102-0:pollNewConfig, num=3
027459 *SERV S-100-1: op = 2, shard=0,kv.dataMap[2] = WLkfv360CO3wtZaQlnN8
027463 *LEAD S2: -res3={{0 3  1851146885386804884 0}  ErrRepeatRequest}
027483 *SERV S-101-2: op = 2, shard=7,kv.dataMap[9] = I01cbV432A
027921 *LEAD S2: -res3={{0 4  3548445870036372900 0}  ErrRepeatRequest}
028292 *SERV S-102-0:update shardVliad, config.Num=2, shard=8,shardValid=map[8:true],pulldata=map[0:6B_Oaq6eh3]
028294 *SERV S-102-0:update shardVliad, config.Num=2, shard=9,shardValid=map[8:true 9:true],pulldata=map[1:HBQf3DGKV_LiXwO]
028396 *SERV S-100-2: op = 2, shard=3,kv.dataMap[5] = KZdFchlabsvuH1EZAEW0
028397 *SERV S-100-2: op = 2, shard=1,kv.dataMap[3] = ETiP7_QSWL1owfE
028410 *LEAD S2: -res3={{0 5  3137795906622582717 0}  ErrRepeatRequest}
028473 *SERV S-100-0: op = 2, shard=3,kv.dataMap[5] = KZdFchlabsvuH1EZAEW0
028474 *SERV S-100-0: op = 2, shard=1,kv.dataMap[3] = ETiP7_QSWL1owfE
028559 *SERV S-102-1:update shardVliad, config.Num=2, shard=8,shardValid=map[8:true],pulldata=map[0:6B_Oaq6eh3]
028560 *SERV S-102-1:update shardVliad, config.Num=2, shard=9,shardValid=map[8:true 9:true],pulldata=map[1:HBQf3DGKV_LiXwO]
028659 *SERV S-102-2:update shardVliad, config.Num=2, shard=8,shardValid=map[8:true],pulldata=map[0:6B_Oaq6eh3]
028660 *SERV S-102-2:update shardVliad, config.Num=2, shard=9,shardValid=map[8:true 9:true],pulldata=map[1:HBQf3DGKV_LiXwO]
029442 *SERV S-101-0: op = 2, shard=6,kv.dataMap[8] = 5ON6Wp5AS1
029506 *SERV S-100-0: op = 1, shard=3,kv.dataMap[5] = rtcYB
029526 *SERV S-102-0:update shardVliad, config.Num=2, shard=4,shardValid=map[4:true 8:true 9:true],pulldata=map[6:NaXKKYYTsKpJ4RJt5hVU]
029590 *SERV S-100-2: op = 1, shard=3,kv.dataMap[5] = rtcYB
029593 *SERV S-101-1: op = 2, shard=6,kv.dataMap[8] = 5ON6Wp5AS1
029610 *LEAD S0: -res3={{0 8  2835376934267877249 0}  ErrRepeatRequest}
029611 *LEAD S0: -res3={{0 7  3087246582296660591 0}  ErrRepeatRequest}
029649 *SERV S-101-2: op = 2, shard=6,kv.dataMap[8] = 5ON6Wp5AS1
029657 *SERV S-102-2:update shardVliad, config.Num=2, shard=4,shardValid=map[4:true 8:true 9:true],pulldata=map[6:NaXKKYYTsKpJ4RJt5hVU]
029705 *LEAD S2: -res3={{0 5  2682028100118637176 0}  ErrRepeatRequest}
029705 *SERV S-100-2: op = 2, shard=3,kv.dataMap[5] = rtcYBqgtOP
029776 *LEAD S0: -res3={{0 7  497728447915853735 0}  ErrRepeatRequest}
029862 *SERV S-102-1:update shardVliad, config.Num=2, shard=4,shardValid=map[4:true 8:true 9:true],pulldata=map[6:NaXKKYYTsKpJ4RJt5hVU]
030317 *SERV S-100-0: op = 2, shard=3,kv.dataMap[5] = rtcYBqgtOP
030459 *SERV S-100-2: op = 2, shard=1,kv.dataMap[3] = ETiP7_QSWL1owfEN2Qm2
030750 *SERV S-102-1: op = 2, shard=9,kv.dataMap[1] = HBQf3DGKV_LiXwOEMERH
030836 *LEAD S0: -res3={{0 1  61810010043638893 0}  ErrRepeatRequest}
030847 *SERV S-102-0: op = 2, shard=9,kv.dataMap[1] = HBQf3DGKV_LiXwOEMERH
031154 *SERV S-102-0: op = 2, shard=4,kv.dataMap[6] = NaXKKYYTsKpJ4RJt5hVU7EunB
031156 *LEAD S0: -res3={{0 0  970415849428759711 0}  ErrRepeatRequest}
031166 *SERV S-102-0: op = 2, shard=8,kv.dataMap[0] = 6B_Oaq6eh3b67Cs
031167 *LEAD S0: -res3={{0 6  1823151189836754797 0}  ErrRepeatRequest}
031179 *SERV S-102-0: op = 2, shard=9,kv.dataMap[1] = HBQf3DGKV_LiXwOEMERH1Wlqp
031179 *SERV S-102-0: op = 2, shard=8,kv.dataMap[0] = 6B_Oaq6eh3b67CsuAckD
031388 *SERV S-102-2: op = 2, shard=4,kv.dataMap[6] = NaXKKYYTsKpJ4RJt5hVU7EunB
031402 *SERV S-102-2: op = 2, shard=8,kv.dataMap[0] = 6B_Oaq6eh3b67Cs
031410 *SERV S-102-1: op = 2, shard=4,kv.dataMap[6] = NaXKKYYTsKpJ4RJt5hVU7EunB
031413 *SERV S-102-2: op = 2, shard=9,kv.dataMap[1] = HBQf3DGKV_LiXwOEMERH1Wlqp
031414 *SERV S-102-2: op = 2, shard=8,kv.dataMap[0] = 6B_Oaq6eh3b67CsuAckD
031422 *SERV S-102-1: op = 2, shard=8,kv.dataMap[0] = 6B_Oaq6eh3b67Cs
031424 *SERV S-102-1: op = 2, shard=9,kv.dataMap[1] = HBQf3DGKV_LiXwOEMERH1Wlqp
031453 *SERV S-102-1: op = 2, shard=8,kv.dataMap[0] = 6B_Oaq6eh3b67CsuAckD
031625 *SERV S-100-0: op = 2, shard=1,kv.dataMap[3] = ETiP7_QSWL1owfEN2Qm2
031716 *LEAD S0: -res3={{0 1  962820694865319425 0}  ErrRepeatRequest}
031716 *SERV S-102-0: op = 2, shard=9,kv.dataMap[1] = HBQf3DGKV_LiXwOEMERH1Wlqpts8zF
031818 *SERV S-101-0: op = 1, shard=7,kv.dataMap[9] = E0UGK
031946 *SERV S-101-1: op = 1, shard=7,kv.dataMap[9] = E0UGK
032018 *SERV S-101-0: op = 2, shard=5,kv.dataMap[7] = AId7Kl6agr
032019 *SERV S-101-0: op = 2, shard=6,kv.dataMap[8] = 5ON6Wp5AS16qU8K
032032 *SERV S-101-0: op = 2, shard=5,kv.dataMap[7] = AId7Kl6agrEG3wC
032033 *SERV S-101-0: op = 2, shard=7,kv.dataMap[9] = E0UGKVj5_b
032125 *SERV S-100-2:pollNewConfig, num=4
032131 *LEAD S2: -res3={{0 3  2393065772037610163 0}  ErrRepeatRequest}
032218 *SERV S-101-1: op = 2, shard=5,kv.dataMap[7] = AId7Kl6agr
032222 *LEAD S0: -res3={{0 9  4568791338978028024 0}  ErrRepeatRequest}
032226 *SERV S-101-1: op = 2, shard=6,kv.dataMap[8] = 5ON6Wp5AS16qU8K
032226 *SERV S-101-1: op = 2, shard=5,kv.dataMap[7] = AId7Kl6agrEG3wC
032237 *SERV S-101-1: op = 2, shard=7,kv.dataMap[9] = E0UGKVj5_b
032239 *SERV S-102-0:pollNewConfig, num=4
032276 *LEAD S0: -res3={{0 1  2970465777693933688 0}  ErrRepeatRequest}
032367 *SERV S-102-1: op = 2, shard=9,kv.dataMap[1] = HBQf3DGKV_LiXwOEMERH1Wlqpts8zF
032525 *SERV S-101-0:pollNewConfig, num=4
032647 *SERV S-101-0: op = 2, shard=6,kv.dataMap[8] = 5ON6Wp5AS16qU8KNZ3VP
032786 *SERV S-101-1: op = 2, shard=6,kv.dataMap[8] = 5ON6Wp5AS16qU8KNZ3VP
032788 *SERV S-101-0: op = 2, shard=5,kv.dataMap[7] = AId7Kl6agrEG3wCUijBw
032788 *SERV S-101-0: op = 2, shard=6,kv.dataMap[8] = 5ON6Wp5AS16qU8KNZ3VPPG5k9
032815 *SERV S-100-2:pollNewConfig, num=4
033542 *SERV S-102-0: op = 1, shard=4,kv.dataMap[6] = g48Q4
033574 *SERV S-101-1: op = 2, shard=5,kv.dataMap[7] = AId7Kl6agrEG3wCUijBw
033575 *SERV S-101-1: op = 2, shard=6,kv.dataMap[8] = 5ON6Wp5AS16qU8KNZ3VPPG5k9
033582 *SERV S-101-0: op = 2, shard=6,kv.dataMap[8] = 5ON6Wp5AS16qU8KNZ3VPPG5k9aWVWV
033756 *SERV S-101-1: op = 2, shard=6,kv.dataMap[8] = 5ON6Wp5AS16qU8KNZ3VPPG5k9aWVWV
033758 *SERV S-101-0: op = 2, shard=5,kv.dataMap[7] = AId7Kl6agrEG3wCUijBw6Dysu
033765 *LEAD S0: -res3={{0 8  2965671282434595890 0}  ErrRepeatRequest}
034037 *SERV S-102-1: op = 1, shard=4,kv.dataMap[6] = g48Q4
034058 *SERV S-102-2: op = 1, shard=4,kv.dataMap[6] = g48Q4
034061 *SERV S-102-0: op = 2, shard=4,kv.dataMap[6] = g48Q4B6ArP
034180 *LEAD S0: -res3={{0 4  300662116986649976 0}  ErrWrongGroup}
034264 *SERV S-102-2: op = 2, shard=4,kv.dataMap[6] = g48Q4B6ArP
034265 *SERV S-101-1: op = 2, shard=5,kv.dataMap[7] = AId7Kl6agrEG3wCUijBw6Dysu
034268 *LEAD S0: -res3={{0 7  1939399820179655831 0}  ErrRepeatRequest}
034448 *SERV S-102-0: op = 2, shard=4,kv.dataMap[6] = g48Q4B6ArPS-m3I
034449 *LEAD S0: -res3={{0 5  2229162283891281844 0}  ErrWrongGroup}
034478 *LEAD S0: -res3={{0 0  4281622657588110528 0}  ErrRepeatRequest}
034524 *SERV S-102-1: op = 2, shard=4,kv.dataMap[6] = g48Q4B6ArP
034692 *SERV S-101-0:update shardVliad, config.Num=3, shard=0,shardValid=map[0:true 5:true 6:true 7:true],pulldata=map[2:WLkfv360CO3wtZaQlnN8]
034714 *SERV S-101-0: op = 2, shard=0,kv.dataMap[2] = WLkfv360CO3wtZaQlnN8CsZ2M
034741 *SERV S-102-1: op = 2, shard=4,kv.dataMap[6] = g48Q4B6ArPS-m3I
034743 *SERV S-102-0:update shardVliad, config.Num=3, shard=2,shardValid=map[2:true 4:true 8:true 9:true],pulldata=map[4:7SqS37fJd6Jn0cVSV76Y2-xxe]
034744 *SERV S-102-0:update shardVliad, config.Num=3, shard=3,shardValid=map[2:true 3:true 4:true 8:true 9:true],pulldata=map[5:rtcYBqgtOP]
034798 *SERV S-102-2: op = 2, shard=4,kv.dataMap[6] = g48Q4B6ArPS-m3I
034882 *SERV S-102-1:update shardVliad, config.Num=3, shard=2,shardValid=map[2:true 4:true 8:true 9:true],pulldata=map[4:7SqS37fJd6Jn0cVSV76Y2-xxe]
034883 *SERV S-102-1:update shardVliad, config.Num=3, shard=3,shardValid=map[2:true 3:true 4:true 8:true 9:true],pulldata=map[5:rtcYBqgtOP]
034890 *SERV S-101-2:update shardVliad, config.Num=3, shard=0,shardValid=map[0:true 5:true 6:true 7:true],pulldata=map[2:WLkfv360CO3wtZaQlnN8]
034891 *SERV S-101-2: op = 2, shard=0,kv.dataMap[2] = WLkfv360CO3wtZaQlnN8CsZ2M
035819 *SERV S-102-1: op = 2, shard=2,kv.dataMap[4] = 7SqS37fJd6Jn0cVSV76Y2-xxeLtIzJ
035963 *SERV S-101-0: op = 1, shard=7,kv.dataMap[9] = I16d-
036285 *SERV S-101-2: op = 1, shard=7,kv.dataMap[9] = I16d-
036288 *SERV S-101-0:update shardVliad, config.Num=3, shard=1,shardValid=map[0:true 1:true 5:true 6:true 7:true],pulldata=map[3:ETiP7_QSWL1owfEN2Qm2]
036340 *SERV S-101-1: op = 1, shard=7,kv.dataMap[9] = I16d-
036563 *SERV S-102-0: op = 2, shard=2,kv.dataMap[4] = 7SqS37fJd6Jn0cVSV76Y2-xxeLtIzJ
036864 *SERV S-102-0: op = 2, shard=2,kv.dataMap[4] = 7SqS37fJd6Jn0cVSV76Y2-xxeLtIzJ1xcTk
036865 *LEAD S0: -res3={{0 5  2970875314362912280 0}  ErrRepeatRequest}
036874 *SERV S-102-0: op = 2, shard=3,kv.dataMap[5] = rtcYBqgtOPoiVfV
036873 *LEAD S0: -res3={{0 4  2827107907342990028 0}  ErrRepeatRequest}
036886 *SERV S-102-0: op = 2, shard=3,kv.dataMap[5] = rtcYBqgtOPoiVfVi7zCi
036888 *SERV S-102-0: op = 2, shard=3,kv.dataMap[5] = rtcYBqgtOPoiVfVi7zCirYTWa
036908 *SERV S-102-0: op = 1, shard=2,kv.dataMap[4] = bPtmW
036908 *LEAD S0: -res3={{0 5  3413746834036194190 0}  ErrRepeatRequest}
036909 *LEAD S0: -res3={{0 5  3037982132650363381 0}  ErrRepeatRequest}
036987 *LEAD S0: -res3={{0 0  3172630990628467491 0}  ErrRepeatRequest}
037308 *SERV S-102-2: op = 2, shard=2,kv.dataMap[4] = 7SqS37fJd6Jn0cVSV76Y2-xxeLtIzJ1xcTk
037312 *SERV S-102-0: op = 2, shard=2,kv.dataMap[4] = bPtmW5xgK4
037313 *SERV S-102-0: op = 2, shard=9,kv.dataMap[1] = HBQf3DGKV_LiXwOEMERH1Wlqpts8zF8fw7h
037322 *SERV S-102-2: op = 2, shard=3,kv.dataMap[5] = rtcYBqgtOPoiVfV
037334 *SERV S-102-2: op = 2, shard=3,kv.dataMap[5] = rtcYBqgtOPoiVfVi7zCi
037335 *SERV S-102-2: op = 2, shard=3,kv.dataMap[5] = rtcYBqgtOPoiVfVi7zCirYTWa
037336 *SERV S-102-1: op = 2, shard=2,kv.dataMap[4] = 7SqS37fJd6Jn0cVSV76Y2-xxeLtIzJ1xcTk
037338 *SERV S-101-2:update shardVliad, config.Num=3, shard=1,shardValid=map[0:true 1:true 5:true 6:true 7:true],pulldata=map[3:ETiP7_QSWL1owfEN2Qm2]
037346 *SERV S-102-1: op = 2, shard=3,kv.dataMap[5] = rtcYBqgtOPoiVfV
037348 *LEAD S0: -res3={{0 2  4190439474991378556 0}  ErrRepeatRequest}
037349 *SERV S-102-2: op = 1, shard=2,kv.dataMap[4] = bPtmW
037362 *SERV S-102-1: op = 2, shard=3,kv.dataMap[5] = rtcYBqgtOPoiVfVi7zCi
037363 *SERV S-102-1: op = 2, shard=3,kv.dataMap[5] = rtcYBqgtOPoiVfVi7zCirYTWa
037378 *SERV S-102-1: op = 1, shard=2,kv.dataMap[4] = bPtmW
037540 *SERV S-101-0:pollNewConfig, num=5
037543 *SERV S-101-0: op = 2, shard=6,kv.dataMap[8] = 5ON6Wp5AS16qU8KNZ3VPPG5k9aWVWVxjmvg
037544 *SERV S-101-0: op = 1, shard=7,kv.dataMap[9] = btj0Q
037913 *SERV S-101-2: op = 2, shard=6,kv.dataMap[8] = 5ON6Wp5AS16qU8KNZ3VPPG5k9aWVWVxjmvg
037913 *SERV S-101-2: op = 1, shard=7,kv.dataMap[9] = btj0Q
037918 *LEAD S0: -res3={{0 9  4012846952356920973 0}  ErrWrongGroup}
037924 *LEAD S0: -res3={{0 7  3844210391189410215 0}  ErrWrongGroup}
037924 *LEAD S0: -res3={{0 9  2236925540047682459 0}  ErrWrongGroup}
038070 *SERV S-102-0:pollNewConfig, num=5
038071 *SERV S-100-2:pollNewConfig, num=5
038105 *SERV S-102-2: op = 2, shard=2,kv.dataMap[4] = bPtmW5xgK4
038106 *SERV S-102-2: op = 2, shard=9,kv.dataMap[1] = HBQf3DGKV_LiXwOEMERH1Wlqpts8zF8fw7h
038344 *SERV S-102-1: op = 2, shard=2,kv.dataMap[4] = bPtmW5xgK4
038345 *SERV S-102-1: op = 2, shard=9,kv.dataMap[1] = HBQf3DGKV_LiXwOEMERH1Wlqpts8zF8fw7h
040015 *SERV S-102-2:update shardVliad, config.Num=4, shard=7,shardValid=map[2:true 3:true 4:true 7:true 8:true 9:true],pulldata=map[9:btj0Q]
040064 *SERV S-102-1:update shardVliad, config.Num=4, shard=7,shardValid=map[2:true 3:true 4:true 7:true 8:true 9:true],pulldata=map[9:btj0Q]
040419 *SERV S-102-0:update shardVliad, config.Num=4, shard=7,shardValid=map[2:true 3:true 4:true 7:true 8:true 9:true],pulldata=map[9:btj0Q]
040421 *SERV S-102-0:update shardVliad, config.Num=4, shard=1,shardValid=map[1:true 2:true 3:true 4:true 7:true 8:true 9:true],pulldata=map[3:ETiP7_QSWL1owfEN2Qm2]
040567 *SERV S-102-2:update shardVliad, config.Num=4, shard=1,shardValid=map[1:true 2:true 3:true 4:true 7:true 8:true 9:true],pulldata=map[3:ETiP7_QSWL1owfEN2Qm2]
040584 *LEAD S0: -res3={{0 1  1737225627910597272 0}  ErrRepeatRequest}
040586 *LEAD S0: -res3={{0 0  3727152786269295129 0}  ErrRepeatRequest}
040590 *SERV S-102-1:update shardVliad, config.Num=4, shard=1,shardValid=map[1:true 2:true 3:true 4:true 7:true 8:true 9:true],pulldata=map[3:ETiP7_QSWL1owfEN2Qm2]
040596 *LEAD S0: -res3={{0 0  3401768555066019810 0}  ErrRepeatRequest}
040598 *LEAD S0: -res3={{0 9  977018089410386582 0}  ErrRepeatRequest}
040625 *LEAD S0: -res3={{0 9  3937374085037956888 0}  ErrRepeatRequest}
040626 *LEAD S0: -res3={{0 7  3317072457983139686 0}  ErrWrongGroup}
040637 *LEAD S0: -res3={{0 3  2561593688333228199 0}  ErrRepeatRequest}
040643 *SERV S-102-0:update shardVliad, config.Num=4, shard=6,shardValid=map[1:true 2:true 3:true 4:true 6:true 7:true 8:true 9:true],pulldata=map[8:5ON6Wp5AS16qU8KNZ3VPPG5k9aWVWVxjmvg]
040785 *LEAD S0: -res3={{0 1  1807491696179704117 0}  ErrRepeatRequest}
040838 *SERV S-102-1:update shardVliad, config.Num=4, shard=6,shardValid=map[1:true 2:true 3:true 4:true 6:true 7:true 8:true 9:true],pulldata=map[8:5ON6Wp5AS16qU8KNZ3VPPG5k9aWVWVxjmvg]
041503 *SERV S-102-0: op = 2, shard=2,kv.dataMap[4] = bPtmW5xgK4Lx2uk
041504 *LEAD S0: -res3={{0 6  450622180366585610 0}  ErrRepeatRequest}
041514 *SERV S-102-0: op = 2, shard=6,kv.dataMap[8] = 5ON6Wp5AS16qU8KNZ3VPPG5k9aWVWVxjmvgdrIo8
041515 *LEAD S0: -res3={{0 5  199377151474026767 0}  ErrRepeatRequest}
041525 *LEAD S0: -res3={{0 8  3554680240790396206 0}  ErrRepeatRequest}
041526 *LEAD S0: -res3={{0 2  1521361558154493727 0}  ErrWrongGroup}
041532 *LEAD S0: -res3={{0 9  4584534033078508993 0}  ErrRepeatRequest}
041532 *SERV S-102-0:update shardVliad, config.Num=4, shard=0,shardValid=map[0:true 1:true 2:true 3:true 4:true 6:true 7:true 8:true 9:true],pulldata=map[2:WLkfv360CO3wtZaQlnN8CsZ2M]
041546 *SERV S-102-0:update shardVliad, config.Num=4, shard=5,shardValid=map[0:true 1:true 2:true 3:true 4:true 5:true 6:true 7:true 8:true 9:true],pulldata=map[7:AId7Kl6agrEG3wCUijBw6Dysu]
041548 *SERV S-102-0: op = 1, shard=7,kv.dataMap[9] = eyaHk
041860 *SERV S-102-1: op = 2, shard=2,kv.dataMap[4] = bPtmW5xgK4Lx2uk
041865 *LEAD S0: -res3={{0 5  4422319418825477569 0}  ErrRepeatRequest}
041873 *SERV S-102-1: op = 2, shard=6,kv.dataMap[8] = 5ON6Wp5AS16qU8KNZ3VPPG5k9aWVWVxjmvgdrIo8
041899 *SERV S-102-1:update shardVliad, config.Num=4, shard=0,shardValid=map[0:true 1:true 2:true 3:true 4:true 6:true 7:true 8:true 9:true],pulldata=map[2:WLkfv360CO3wtZaQlnN8CsZ2M]
041911 *SERV S-102-1:update shardVliad, config.Num=4, shard=5,shardValid=map[0:true 1:true 2:true 3:true 4:true 5:true 6:true 7:true 8:true 9:true],pulldata=map[7:AId7Kl6agrEG3wCUijBw6Dysu]
041912 *SERV S-102-1: op = 1, shard=7,kv.dataMap[9] = eyaHk
042281 *LEAD S0: -res3={{0 6  4386960249248531808 0}  ErrRepeatRequest}
042281 *SERV S-102-0: op = 2, shard=9,kv.dataMap[1] = HBQf3DGKV_LiXwOEMERH1Wlqpts8zF8fw7hpQ0Vb
042467 *SERV S-102-0: op = 2, shard=4,kv.dataMap[6] = g48Q4B6ArPS-m3IgrvWl
042476 *LEAD S0: -res3={{0 8  754086445629266280 0}  ErrRepeatRequest}
042489 *SERV S-102-0: op = 2, shard=5,kv.dataMap[7] = AId7Kl6agrEG3wCUijBw6DysuZrR0a
042490 *SERV S-102-1: op = 2, shard=9,kv.dataMap[1] = HBQf3DGKV_LiXwOEMERH1Wlqpts8zF8fw7hpQ0Vb
042497 *LEAD S0: -res3={{0 5  530752016090793059 0}  ErrRepeatRequest}
042514 *LEAD S0: -res3={{0 7  149312839910439044 0}  ErrRepeatRequest}
042737 *SERV S-102-0: op = 2, shard=1,kv.dataMap[3] = ETiP7_QSWL1owfEN2Qm2f5kHE
042738 *SERV S-102-0: op = 2, shard=8,kv.dataMap[0] = 6B_Oaq6eh3b67CsuAckDDHigE
042749 *SERV S-102-0: op = 1, shard=3,kv.dataMap[5] = bKflH
042790 *SERV S-102-1: op = 2, shard=4,kv.dataMap[6] = g48Q4B6ArPS-m3IgrvWl
042801 *SERV S-102-1: op = 2, shard=5,kv.dataMap[7] = AId7Kl6agrEG3wCUijBw6DysuZrR0a
042985 *SERV S-102-0:pollNewConfig, num=6
042992 *SERV S-102-0: op = 2, shard=5,kv.dataMap[7] = AId7Kl6agrEG3wCUijBw6DysuZrR0aZqR1q
043029 *SERV S-100-2:pollNewConfig, num=6
043051 *SERV S-102-1: op = 2, shard=1,kv.dataMap[3] = ETiP7_QSWL1owfEN2Qm2f5kHE
043052 *SERV S-102-1: op = 2, shard=8,kv.dataMap[0] = 6B_Oaq6eh3b67CsuAckDDHigE
043058 *SERV S-102-0: op = 2, shard=2,kv.dataMap[4] = bPtmW5xgK4Lx2uk44yeW
043061 *LEAD S0: -res3={{0 7  2564163818447391091 0}  ErrWrongGroup}
043067 *SERV S-102-1: op = 1, shard=3,kv.dataMap[5] = bKflH
043068 *SERV S-102-1: op = 2, shard=5,kv.dataMap[7] = AId7Kl6agrEG3wCUijBw6DysuZrR0aZqR1q
043102 *SERV S-102-2: op = 2, shard=1,kv.dataMap[3] = ETiP7_QSWL1owfEN2Qm2f5kHE
043103 *SERV S-102-2: op = 2, shard=8,kv.dataMap[0] = 6B_Oaq6eh3b67CsuAckDDHigE
043106 *SERV S-102-2: op = 1, shard=3,kv.dataMap[5] = bKflH
043107 *SERV S-102-2: op = 2, shard=5,kv.dataMap[7] = AId7Kl6agrEG3wCUijBw6DysuZrR0aZqR1q
043149 *SERV S-101-0:pollNewConfig, num=6
043753 *SERV S-102-0:pollNewConfig, num=7
043913 *LEAD S0: -res3={{0 2  4531110627185676507 0}  ErrRepeatRequest}
043921 *LEAD S0: -res3={{0 3  4433731231571322295 0}  ErrRepeatRequest}
043925 *SERV S-102-2: op = 2, shard=2,kv.dataMap[4] = bPtmW5xgK4Lx2uk44yeW
043964 *SERV S-102-1: op = 2, shard=2,kv.dataMap[4] = bPtmW5xgK4Lx2uk44yeW
044141 *SERV S-101-2:update shardVliad, config.Num=5, shard=5,shardValid=map[5:true],pulldata=map[7:AId7Kl6agrEG3wCUijBw6DysuZrR0aZqR1q]
044459 *SERV S-101-0:update shardVliad, config.Num=5, shard=5,shardValid=map[5:true],pulldata=map[7:AId7Kl6agrEG3wCUijBw6DysuZrR0aZqR1q]
044460 *SERV S-101-0:update shardVliad, config.Num=5, shard=6,shardValid=map[5:true 6:true],pulldata=map[8:5ON6Wp5AS16qU8KNZ3VPPG5k9aWVWVxjmvgdrIo8]
044461 *SERV S-101-0:update shardVliad, config.Num=5, shard=7,shardValid=map[5:true 6:true 7:true],pulldata=map[9:eyaHk]
044533 *SERV S-100-2:pollNewConfig, num=7
044561 *SERV S-101-2:update shardVliad, config.Num=5, shard=6,shardValid=map[5:true 6:true],pulldata=map[8:5ON6Wp5AS16qU8KNZ3VPPG5k9aWVWVxjmvgdrIo8]
044562 *SERV S-101-2:update shardVliad, config.Num=5, shard=7,shardValid=map[5:true 6:true 7:true],pulldata=map[9:eyaHk]
044565 *LEAD S0: -res3={{0 7  3569604855595338832 0}  ErrRepeatRequest}
044572 *LEAD S0: -res3={{0 8  70197647189833292 0}  ErrRepeatRequest}
044623 *SERV S-101-0: op = 2, shard=5,kv.dataMap[7] = AId7Kl6agrEG3wCUijBw6DysuZrR0aZqR1q0dU5z
044624 *SERV S-101-0: op = 1, shard=5,kv.dataMap[7] = 2P_T1
044797 *SERV S-102-0: op = 2, shard=1,kv.dataMap[3] = ETiP7_QSWL1owfEN2Qm2f5kHEYrBR7
044798 *LEAD S0: -res3={{0 3  1881427773373973654 0}  ErrRepeatRequest}
045027 *SERV S-101-2: op = 2, shard=5,kv.dataMap[7] = AId7Kl6agrEG3wCUijBw6DysuZrR0aZqR1q0dU5z
045029 *SERV S-101-2: op = 1, shard=5,kv.dataMap[7] = 2P_T1
045059 *SERV S-101-0:update shardVliad, config.Num=5, shard=8,shardValid=map[5:true 6:true 7:true 8:true],pulldata=map[0:6B_Oaq6eh3b67CsuAckDDHigE]
045061 *SERV S-101-0:update shardVliad, config.Num=5, shard=9,shardValid=map[5:true 6:true 7:true 8:true 9:true],pulldata=map[1:HBQf3DGKV_LiXwOEMERH1Wlqpts8zF8fw7hpQ0Vb]
045062 *SERV S-101-0: op = 2, shard=8,kv.dataMap[0] = 6B_Oaq6eh3b67CsuAckDDHigEeuOJY
045087 *SERV S-101-0: op = 2, shard=7,kv.dataMap[9] = eyaHkyM7xM
045116 *SERV S-102-1: op = 2, shard=1,kv.dataMap[3] = ETiP7_QSWL1owfEN2Qm2f5kHEYrBR7
045121 *LEAD S0: -res3={{0 4  1181056514451730952 0}  ErrRepeatRequest}
045212 *SERV S-102-2: op = 2, shard=1,kv.dataMap[3] = ETiP7_QSWL1owfEN2Qm2f5kHEYrBR7
045367 *LEAD S2: -res3={{0 1  2980564200581032690 0}  ErrWrongGroup}
045447 *LEAD S2: -res3={{0 1  3656096567141472544 0}  ErrWrongGroup}
045462 *LEAD S0: -res3={{0 0  3821146940749434790 0}  ErrRepeatRequest}
045462 *LEAD S0: -res3={{0 7  3337790910765831237 0}  ErrRepeatRequest}
045526 *SERV S-101-2:update shardVliad, config.Num=5, shard=8,shardValid=map[5:true 6:true 7:true 8:true],pulldata=map[0:6B_Oaq6eh3b67CsuAckDDHigE]
045527 *SERV S-101-2:update shardVliad, config.Num=5, shard=9,shardValid=map[5:true 6:true 7:true 8:true 9:true],pulldata=map[1:HBQf3DGKV_LiXwOEMERH1Wlqpts8zF8fw7hpQ0Vb]
045529 *SERV S-101-2: op = 2, shard=8,kv.dataMap[0] = 6B_Oaq6eh3b67CsuAckDDHigEeuOJY
045556 *SERV S-101-2: op = 2, shard=7,kv.dataMap[9] = eyaHkyM7xM
045629 *LEAD S0: -res3={{0 4  2185883581576344179 0}  ErrRepeatRequest}
045669 *SERV S-101-0:pollNewConfig, num=7
045697 *SERV S-100-2:update shardVliad, config.Num=6, shard=3,shardValid=map[3:true],pulldata=map[5:bKflH]
045698 *SERV S-100-2:update shardVliad, config.Num=6, shard=4,shardValid=map[3:true 4:true],pulldata=map[6:g48Q4B6ArPS-m3IgrvWl]
045943 *LEAD S0: -res3={{0 3  4280542810397700282 0}  ErrRepeatRequest}
046051 *SERV S-101-0: op = 2, shard=8,kv.dataMap[0] = 6B_Oaq6eh3b67CsuAckDDHigEeuOJYEjBj9
046053 *LEAD S0: -res3={{0 9  3929237633719075951 0}  ErrRepeatRequest}
046256 *SERV S-101-1: op = 2, shard=8,kv.dataMap[0] = 6B_Oaq6eh3b67CsuAckDDHigEeuOJYEjBj9
046629 *LEAD S0: -res3={{0 7  1072778388531983480 0}  ErrRepeatRequest}
046681 *SERV S-100-1:update shardVliad, config.Num=6, shard=3,shardValid=map[3:true],pulldata=map[5:bKflH]
046682 *SERV S-100-1:update shardVliad, config.Num=6, shard=4,shardValid=map[3:true 4:true],pulldata=map[6:g48Q4B6ArPS-m3IgrvWl]
046741 *SERV S-101-0: op = 2, shard=7,kv.dataMap[9] = eyaHkyM7xM_UvpF
046756 *LEAD S0: -res3={{0 3  3152850461501968995 0}  ErrRepeatRequest}
046824 *LEAD S0: -res3={{0 8  3683806600143169052 0}  ErrRepeatRequest}
046852 *SERV S-100-0:update shardVliad, config.Num=6, shard=3,shardValid=map[3:true],pulldata=map[5:bKflH]
046855 *SERV S-100-0:update shardVliad, config.Num=6, shard=4,shardValid=map[3:true 4:true],pulldata=map[6:g48Q4B6ArPS-m3IgrvWl]
047071 *SERV S-101-1: op = 2, shard=7,kv.dataMap[9] = eyaHkyM7xM_UvpF
047076 *SERV S-101-0: op = 2, shard=5,kv.dataMap[7] = 2P_T1H51w_
047076 *LEAD S0: -res3={{0 8  2483900635069719168 0}  ErrRepeatRequest}
047078 *SERV S-101-0: op = 2, shard=6,kv.dataMap[8] = 5ON6Wp5AS16qU8KNZ3VPPG5k9aWVWVxjmvgdrIo8LrKoz
047323 *LEAD S2: -res3={{0 1  1505532502331928492 0}  ErrWrongGroup}
047437 *LEAD S2: -res3={{0 1  884443189456811812 0}  ErrWrongGroup}
047496 *SERV S-101-2: op = 2, shard=5,kv.dataMap[7] = 2P_T1H51w_
047529 *SERV S-101-2: op = 2, shard=6,kv.dataMap[8] = 5ON6Wp5AS16qU8KNZ3VPPG5k9aWVWVxjmvgdrIo8LrKoz
047537 *SERV S-101-1: op = 2, shard=5,kv.dataMap[7] = 2P_T1H51w_
047539 *SERV S-101-0: op = 2, shard=8,kv.dataMap[0] = 6B_Oaq6eh3b67CsuAckDDHigEeuOJYEjBj9w0kaX
047540 *LEAD S0: -res3={{0 0  2502513259883830271 0}  ErrRepeatRequest}
047548 *SERV S-101-1: op = 2, shard=6,kv.dataMap[8] = 5ON6Wp5AS16qU8KNZ3VPPG5k9aWVWVxjmvgdrIo8LrKoz
047714 *SERV S-101-1: op = 2, shard=8,kv.dataMap[0] = 6B_Oaq6eh3b67CsuAckDDHigEeuOJYEjBj9w0kaX
047716 *LEAD S0: -res3={{0 8  6696908855576560 0}  ErrRepeatRequest}
048496 *SERV S-102-0: op = 2, shard=2,kv.dataMap[4] = bPtmW5xgK4Lx2uk44yeWmA0CU
048503 *LEAD S0: -res3={{0 3  2046745144509251852 0}  ErrRepeatRequest}
048776 *SERV S-100-2: op = 2, shard=4,kv.dataMap[6] = g48Q4B6ArPS-m3IgrvWlGkbZO
048778 *SERV S-100-2:update shardVliad, config.Num=6, shard=9,shardValid=map[3:true 4:true 9:true],pulldata=map[1:HBQf3DGKV_LiXwOEMERH1Wlqpts8zF8fw7hpQ0Vb]
048820 *SERV S-102-2: op = 2, shard=2,kv.dataMap[4] = bPtmW5xgK4Lx2uk44yeWmA0CU
048822 *SERV S-102-0: op = 1, shard=1,kv.dataMap[3] = iifpv
048844 *LEAD S0: -res3={{0 8  1088290223144731595 0}  ErrRepeatRequest}
048958 *LEAD S0: -res3={{0 0  4079661533771202864 0}  ErrRepeatRequest}
049006 *SERV S-102-1: op = 2, shard=2,kv.dataMap[4] = bPtmW5xgK4Lx2uk44yeWmA0CU
049575 *SERV S-101-0: op = 2, shard=6,kv.dataMap[8] = 5ON6Wp5AS16qU8KNZ3VPPG5k9aWVWVxjmvgdrIo8LrKozZk4hk
049576 *SERV S-101-0: op = 2, shard=5,kv.dataMap[7] = 2P_T1H51w_c6JVe
049581 *LEAD S0: -res3={{0 8  1760799991250911139 0}  ErrRepeatRequest}
049630 *SERV S-100-0: op = 2, shard=4,kv.dataMap[6] = g48Q4B6ArPS-m3IgrvWlGkbZO
049632 *SERV S-100-0:update shardVliad, config.Num=6, shard=9,shardValid=map[3:true 4:true 9:true],pulldata=map[1:HBQf3DGKV_LiXwOEMERH1Wlqpts8zF8fw7hpQ0Vb]
049686 *SERV S-100-1: op = 2, shard=4,kv.dataMap[6] = g48Q4B6ArPS-m3IgrvWlGkbZO
049687 *SERV S-100-1:update shardVliad, config.Num=6, shard=9,shardValid=map[3:true 4:true 9:true],pulldata=map[1:HBQf3DGKV_LiXwOEMERH1Wlqpts8zF8fw7hpQ0Vb]
049843 *SERV S-102-1: op = 1, shard=1,kv.dataMap[3] = iifpv
049903 *SERV S-102-2: op = 1, shard=1,kv.dataMap[3] = iifpv
049964 *SERV S-101-1: op = 2, shard=6,kv.dataMap[8] = 5ON6Wp5AS16qU8KNZ3VPPG5k9aWVWVxjmvgdrIo8LrKozZk4hk
049965 *SERV S-101-1: op = 2, shard=5,kv.dataMap[7] = 2P_T1H51w_c6JVe
049967 *SERV S-101-0: op = 2, shard=6,kv.dataMap[8] = 5ON6Wp5AS16qU8KNZ3VPPG5k9aWVWVxjmvgdrIo8LrKozZk4hkczaOZ
049969 *SERV S-101-0: op = 2, shard=7,kv.dataMap[9] = eyaHkyM7xM_UvpFhDli6
050413 *LEAD S2: -res3={{0 6  1064904292597769200 0}  ErrRepeatRequest}
050414 *LEAD S2: -res3={{0 1  4139569603698261053 0}  ErrRepeatRequest}
050414 *SERV S-100-2: op = 2, shard=4,kv.dataMap[6] = g48Q4B6ArPS-m3IgrvWlGkbZOL5W5r
050419 *LEAD S2: -res3={{0 1  812159446449169714 0}  ErrRepeatRequest}
050448 *SERV S-100-2: op = 2, shard=4,kv.dataMap[6] = g48Q4B6ArPS-m3IgrvWlGkbZOL5W5rfI1Ap
050450 *LEAD S2: -res3={{0 1  20070756031637152 0}  ErrRepeatRequest}
050680 *SERV S-102-0: op = 2, shard=1,kv.dataMap[3] = iifpvK_Seu
050774 *SERV S-101-1: op = 2, shard=6,kv.dataMap[8] = 5ON6Wp5AS16qU8KNZ3VPPG5k9aWVWVxjmvgdrIo8LrKozZk4hkczaOZ
050775 *SERV S-101-1: op = 2, shard=7,kv.dataMap[9] = eyaHkyM7xM_UvpFhDli6
050776 *SERV S-101-0: op = 2, shard=5,kv.dataMap[7] = 2P_T1H51w_c6JVeuQmTI
050777 *LEAD S0: -res3={{0 8  2605544443762613208 0}  ErrRepeatRequest}
050880 *SERV S-102-1: op = 2, shard=1,kv.dataMap[3] = iifpvK_Seu
050883 *SERV S-102-0: op = 2, shard=0,kv.dataMap[2] = WLkfv360CO3wtZaQlnN8CsZ2M8gj6n
051212 *SERV S-102-1: op = 2, shard=0,kv.dataMap[2] = WLkfv360CO3wtZaQlnN8CsZ2M8gj6n
051228 *SERV S-100-2: op = 1, shard=9,kv.dataMap[1] = I9ERr
051229 *SERV S-100-2: op = 2, shard=4,kv.dataMap[6] = g48Q4B6ArPS-m3IgrvWlGkbZOL5W5rfI1ApScVyt
051235 *SERV S-100-0: op = 2, shard=4,kv.dataMap[6] = g48Q4B6ArPS-m3IgrvWlGkbZOL5W5r
051236 *SERV S-100-0: op = 2, shard=4,kv.dataMap[6] = g48Q4B6ArPS-m3IgrvWlGkbZOL5W5rfI1Ap
051238 *SERV S-100-2: op = 2, shard=9,kv.dataMap[1] = I9ERrHbGPp
051247 *LEAD S2: -res3={{0 1  2559545043315336027 0}  ErrRepeatRequest}
051274 *SERV S-100-2: op = 2, shard=4,kv.dataMap[6] = g48Q4B6ArPS-m3IgrvWlGkbZOL5W5rfI1ApScVyt5hTZZ
051283 *LEAD S2: -res3={{0 6  3628178380330834427 0}  ErrRepeatRequest}
051306 *SERV S-100-1: op = 2, shard=4,kv.dataMap[6] = g48Q4B6ArPS-m3IgrvWlGkbZOL5W5r
051312 *SERV S-100-1: op = 2, shard=4,kv.dataMap[6] = g48Q4B6ArPS-m3IgrvWlGkbZOL5W5rfI1Ap
051647 *SERV S-101-1: op = 2, shard=5,kv.dataMap[7] = 2P_T1H51w_c6JVeuQmTI
051887 *SERV S-101-0: op = 2, shard=7,kv.dataMap[9] = eyaHkyM7xM_UvpFhDli68xpZd
051889 *LEAD S0: -res3={{0 7  4039780474186668568 0}  ErrRepeatRequest}
051893 *LEAD S0: -res3={{0 7  3622946708286460678 0}  ErrRepeatRequest}
052117 *SERV S-102-2: op = 2, shard=1,kv.dataMap[3] = iifpvK_Seu
052118 *SERV S-102-2: op = 2, shard=0,kv.dataMap[2] = WLkfv360CO3wtZaQlnN8CsZ2M8gj6n
052129 *SERV S-102-2: op = 2, shard=0,kv.dataMap[2] = WLkfv360CO3wtZaQlnN8CsZ2M8gj6nJfk81
052228 *SERV S-102-0: op = 2, shard=0,kv.dataMap[2] = WLkfv360CO3wtZaQlnN8CsZ2M8gj6nJfk81
052287 *SERV S-101-1: op = 2, shard=7,kv.dataMap[9] = eyaHkyM7xM_UvpFhDli68xpZd
052307 *SERV S-100-0: op = 1, shard=9,kv.dataMap[1] = I9ERr
052308 *SERV S-100-0: op = 2, shard=4,kv.dataMap[6] = g48Q4B6ArPS-m3IgrvWlGkbZOL5W5rfI1ApScVyt
052322 *SERV S-100-0: op = 2, shard=9,kv.dataMap[1] = I9ERrHbGPp
052335 *SERV S-100-0: op = 2, shard=4,kv.dataMap[6] = g48Q4B6ArPS-m3IgrvWlGkbZOL5W5rfI1ApScVyt5hTZZ
052418 *SERV S-100-1: op = 1, shard=9,kv.dataMap[1] = I9ERr
052420 *SERV S-100-1: op = 2, shard=4,kv.dataMap[6] = g48Q4B6ArPS-m3IgrvWlGkbZOL5W5rfI1ApScVyt
052433 *SERV S-100-1: op = 2, shard=9,kv.dataMap[1] = I9ERrHbGPp
052449 *SERV S-100-1: op = 2, shard=4,kv.dataMap[6] = g48Q4B6ArPS-m3IgrvWlGkbZOL5W5rfI1ApScVyt5hTZZ
052477 *SERV S-102-1: op = 2, shard=0,kv.dataMap[2] = WLkfv360CO3wtZaQlnN8CsZ2M8gj6nJfk81
052480 *SERV S-102-0: op = 2, shard=2,kv.dataMap[4] = bPtmW5xgK4Lx2uk44yeWmA0CU6zXoG
052482 *LEAD S0: -res3={{0 2  4172428265114635577 0}  ErrRepeatRequest}
052497 *SERV S-102-0: op = 2, shard=0,kv.dataMap[2] = WLkfv360CO3wtZaQlnN8CsZ2M8gj6nJfk81KqNe0
052497 *LEAD S0: -res3={{0 3  3208762763855731774 0}  ErrRepeatRequest}
052710 *SERV S-102-2: op = 2, shard=2,kv.dataMap[4] = bPtmW5xgK4Lx2uk44yeWmA0CU6zXoG
052714 *SERV S-102-0: op = 2, shard=1,kv.dataMap[3] = iifpvK_Seua3iBg
052715 *LEAD S0: -res3={{0 3  667765162182223776 0}  ErrRepeatRequest}
052731 *SERV S-102-2: op = 2, shard=0,kv.dataMap[2] = WLkfv360CO3wtZaQlnN8CsZ2M8gj6nJfk81KqNe0
052736 *SERV S-102-0: op = 2, shard=0,kv.dataMap[2] = WLkfv360CO3wtZaQlnN8CsZ2M8gj6nJfk81KqNe0j0ZAm
052737 *LEAD S0: -res3={{0 4  1757327662266931969 0}  ErrRepeatRequest}
052802 *LEAD S2: -res3={{0 1  21647855584474182 0}  ErrRepeatRequest}
052834 *SERV S-102-1: op = 2, shard=2,kv.dataMap[4] = bPtmW5xgK4Lx2uk44yeWmA0CU6zXoG
052847 *SERV S-102-1: op = 2, shard=0,kv.dataMap[2] = WLkfv360CO3wtZaQlnN8CsZ2M8gj6nJfk81KqNe0
053448 *LEAD S0: -res3={{0 8  3039138083414507779 0}  ErrRepeatRequest}
053540 *LEAD S0: -res3={{0 9  2079787104115405514 0}  ErrRepeatRequest}
053540 *LEAD S0: -res3={{0 0  677118953524452564 0}  ErrRepeatRequest}
053658 *SERV S-100-2: op = 2, shard=4,kv.dataMap[6] = g48Q4B6ArPS-m3IgrvWlGkbZOL5W5rfI1ApScVyt5hTZZNOoT7
053661 *LEAD S2: -res3={{0 1  2898590652230533970 0}  ErrRepeatRequest}
053686 *SERV S-100-2: op = 2, shard=4,kv.dataMap[6] = g48Q4B6ArPS-m3IgrvWlGkbZOL5W5rfI1ApScVyt5hTZZNOoT7XkDKS
053748 *SERV S-102-2: op = 2, shard=1,kv.dataMap[3] = iifpvK_Seua3iBg
053757 *SERV S-102-2: op = 2, shard=0,kv.dataMap[2] = WLkfv360CO3wtZaQlnN8CsZ2M8gj6nJfk81KqNe0j0ZAm
053871 *SERV S-102-1: op = 2, shard=1,kv.dataMap[3] = iifpvK_Seua3iBg
053882 *SERV S-102-1: op = 2, shard=0,kv.dataMap[2] = WLkfv360CO3wtZaQlnN8CsZ2M8gj6nJfk81KqNe0j0ZAm
054024 *SERV S-100-1: op = 2, shard=4,kv.dataMap[6] = g48Q4B6ArPS-m3IgrvWlGkbZOL5W5rfI1ApScVyt5hTZZNOoT7
054036 *SERV S-100-1: op = 2, shard=4,kv.dataMap[6] = g48Q4B6ArPS-m3IgrvWlGkbZOL5W5rfI1ApScVyt5hTZZNOoT7XkDKS
054192 *LEAD S0: -res3={{0 2  2314529193467061896 0}  ErrRepeatRequest}
054202 *LEAD S2: -res3={{0 5  2622748558188986060 0}  ErrRepeatRequest}
054308 *SERV S-102-0: op = 2, shard=2,kv.dataMap[4] = bPtmW5xgK4Lx2uk44yeWmA0CU6zXoGPCbcH
054309 *LEAD S0: -res3={{0 2  3051313588256512083 0}  ErrRepeatRequest}
054334 *LEAD S0: -res3={{0 4  3237773432457859598 0}  ErrRepeatRequest}
054456 *SERV S-101-0: op = 2, shard=8,kv.dataMap[0] = 6B_Oaq6eh3b67CsuAckDDHigEeuOJYEjBj9w0kaXnZ9o-
054533 *SERV S-101-1: op = 2, shard=8,kv.dataMap[0] = 6B_Oaq6eh3b67CsuAckDDHigEeuOJYEjBj9w0kaXnZ9o-
054536 *LEAD S0: -res3={{0 8  3987740142502951211 0}  ErrRepeatRequest}
054675 *LEAD S2: -res3={{0 6  1605584706548218783 0}  ErrRepeatRequest}
054756 *SERV S-102-1: op = 2, shard=2,kv.dataMap[4] = bPtmW5xgK4Lx2uk44yeWmA0CU6zXoGPCbcH
054781 *SERV S-102-2: op = 2, shard=2,kv.dataMap[4] = bPtmW5xgK4Lx2uk44yeWmA0CU6zXoGPCbcH
054795 *SERV S-101-0: op = 1, shard=8,kv.dataMap[0] = gcw-H
054888 *SERV S-102-0: op = 2, shard=0,kv.dataMap[2] = WLkfv360CO3wtZaQlnN8CsZ2M8gj6nJfk81KqNe0j0ZAmcf5Y_
054889 *SERV S-102-0: op = 2, shard=2,kv.dataMap[4] = bPtmW5xgK4Lx2uk44yeWmA0CU6zXoGPCbcHlXCwC
055206 *SERV S-102-2: op = 2, shard=0,kv.dataMap[2] = WLkfv360CO3wtZaQlnN8CsZ2M8gj6nJfk81KqNe0j0ZAmcf5Y_
055207 *SERV S-102-0: op = 2, shard=1,kv.dataMap[3] = iifpvK_Seua3iBgKmnsi
055207 *SERV S-102-2: op = 2, shard=2,kv.dataMap[4] = bPtmW5xgK4Lx2uk44yeWmA0CU6zXoGPCbcHlXCwC
055466 *LEAD S2: -res3={{0 5  3430820968641230464 0}  ErrRepeatRequest}
055466 *SERV S-100-2: op = 2, shard=9,kv.dataMap[1] = I9ERrHbGPpzW3wK
055658 *SERV S-101-1: op = 1, shard=8,kv.dataMap[0] = gcw-H
055660 *SERV S-101-0: op = 2, shard=7,kv.dataMap[9] = eyaHkyM7xM_UvpFhDli68xpZd2FgSQ
055661 *SERV S-101-0: op = 2, shard=7,kv.dataMap[9] = eyaHkyM7xM_UvpFhDli68xpZd2FgSQ_C6jz
055689 *LEAD S0: -res3={{0 0  3696375391066921417 0}  ErrRepeatRequest}
055893 *SERV S-101-1: op = 2, shard=7,kv.dataMap[9] = eyaHkyM7xM_UvpFhDli68xpZd2FgSQ
055894 *SERV S-101-1: op = 2, shard=7,kv.dataMap[9] = eyaHkyM7xM_UvpFhDli68xpZd2FgSQ_C6jz
055910 *SERV S-100-1: op = 2, shard=9,kv.dataMap[1] = I9ERrHbGPpzW3wK
056160 *SERV S-102-2: op = 2, shard=1,kv.dataMap[3] = iifpvK_Seua3iBgKmnsi
056213 *SERV S-100-2: op = 2, shard=9,kv.dataMap[1] = I9ERrHbGPpzW3wKNFdWs
056489 *SERV S-102-0: op = 2, shard=0,kv.dataMap[2] = WLkfv360CO3wtZaQlnN8CsZ2M8gj6nJfk81KqNe0j0ZAmcf5Y_hx7uF
056490 *LEAD S0: -res3={{0 3  2108096185754146206 0}  ErrRepeatRequest}
056512 *LEAD S0: -res3={{0 7  1161023047123206129 0}  ErrRepeatRequest}
056522 *SERV S-101-0: op = 2, shard=7,kv.dataMap[9] = eyaHkyM7xM_UvpFhDli68xpZd2FgSQ_C6jz64Rp7
056523 *LEAD S0: -res3={{0 7  287300948477791164 0}  ErrRepeatRequest}
056733 *SERV S-101-2: op = 2, shard=7,kv.dataMap[9] = eyaHkyM7xM_UvpFhDli68xpZd2FgSQ_C6jz64Rp7
056735 *SERV S-101-0: op = 2, shard=7,kv.dataMap[9] = eyaHkyM7xM_UvpFhDli68xpZd2FgSQ_C6jz64Rp7HZExK
056736 *LEAD S0: -res3={{0 7  910274846484543013 0}  ErrRepeatRequest}
056926 *SERV S-101-2: op = 2, shard=7,kv.dataMap[9] = eyaHkyM7xM_UvpFhDli68xpZd2FgSQ_C6jz64Rp7HZExK
057191 *SERV S-101-0: op = 2, shard=5,kv.dataMap[7] = 2P_T1H51w_c6JVeuQmTI6FFQ-
057190 *LEAD S0: -res3={{0 8  2096071534013599167 0}  ErrRepeatRequest}
057308 *SERV S-102-1: op = 2, shard=0,kv.dataMap[2] = WLkfv360CO3wtZaQlnN8CsZ2M8gj6nJfk81KqNe0j0ZAmcf5Y_hx7uF
057320 *SERV S-100-1: op = 2, shard=9,kv.dataMap[1] = I9ERrHbGPpzW3wKNFdWs
057324 *LEAD S2: -res3={{0 6  2350073696247274834 0}  ErrRepeatRequest}
057326 *SERV S-100-2: op = 2, shard=3,kv.dataMap[5] = bKflHf7NFp
057327 *LEAD S2: -res3={{0 6  4327318527038683889 0}  ErrRepeatRequest}
057540 *SERV S-101-2: op = 2, shard=5,kv.dataMap[7] = 2P_T1H51w_c6JVeuQmTI6FFQ-
058357 *SERV S-101-0: op = 2, shard=5,kv.dataMap[7] = 2P_T1H51w_c6JVeuQmTI6FFQ-0Tm79
058359 *LEAD S0: -res3={{0 8  4555527658393528988 0}  ErrRepeatRequest}
058382 *SERV S-100-0: op = 2, shard=3,kv.dataMap[5] = bKflHf7NFp
058516 *SERV S-100-1: op = 2, shard=3,kv.dataMap[5] = bKflHf7NFp
058614 *SERV S-101-1: op = 2, shard=5,kv.dataMap[7] = 2P_T1H51w_c6JVeuQmTI6FFQ-0Tm79
058670 *LEAD S0: -res3={{0 3  1120092819188342632 0}  ErrRepeatRequest}
058677 *LEAD S0: -res3={{0 7  2005025599222723004 0}  ErrRepeatRequest}
058832 *SERV S-100-2: op = 2, shard=4,kv.dataMap[6] = g48Q4B6ArPS-m3IgrvWlGkbZOL5W5rfI1ApScVyt5hTZZNOoT7XkDKSMm89n
058947 *SERV S-100-0: op = 2, shard=4,kv.dataMap[6] = g48Q4B6ArPS-m3IgrvWlGkbZOL5W5rfI1ApScVyt5hTZZNOoT7XkDKSMm89n
059550 *LEAD S2: -res3={{0 5  3456709921026316551 0}  ErrRepeatRequest}
059597 *LEAD S2: -res3={{0 6  1132389250510593189 0}  ErrRepeatRequest}
059732 *LEAD S0: -res3={{0 4  2499778923365799300 0}  ErrRepeatRequest}
059733 *LEAD S0: -res3={{0 3  2022931813252490471 0}  ErrRepeatRequest}
059752 *LEAD S0: -res3={{0 7  93524401438311981 0}  ErrRepeatRequest}
059752 *LEAD S0: -res3={{0 8  4175210428283501226 0}  ErrRepeatRequest}
059763 *SERV S-101-0: op = 2, shard=8,kv.dataMap[0] = gcw-HL4lCy
059990 *SERV S-101-0: op = 2, shard=7,kv.dataMap[9] = eyaHkyM7xM_UvpFhDli68xpZd2FgSQ_C6jz64Rp7HZExKY6tbi
059991 *SERV S-101-0: op = 2, shard=8,kv.dataMap[0] = gcw-HL4lCyRrBIb
060010 *SERV S-101-2: op = 2, shard=8,kv.dataMap[0] = gcw-HL4lCy
060701 *SERV S-100-2: op = 2, shard=4,kv.dataMap[6] = g48Q4B6ArPS-m3IgrvWlGkbZOL5W5rfI1ApScVyt5hTZZNOoT7XkDKSMm89ndLVyy
060883 *SERV S-101-2: op = 2, shard=7,kv.dataMap[9] = eyaHkyM7xM_UvpFhDli68xpZd2FgSQ_C6jz64Rp7HZExKY6tbi
060885 *SERV S-101-2: op = 2, shard=8,kv.dataMap[0] = gcw-HL4lCyRrBIb
060886 *SERV S-101-0: op = 2, shard=8,kv.dataMap[0] = gcw-HL4lCyRrBIb6Tdgq
060887 *SERV S-101-0: op = 2, shard=5,kv.dataMap[7] = 2P_T1H51w_c6JVeuQmTI6FFQ-0Tm79h8G3o
060972 *SERV S-101-2: op = 2, shard=8,kv.dataMap[0] = gcw-HL4lCyRrBIb6Tdgq
060973 *SERV S-101-2: op = 2, shard=5,kv.dataMap[7] = 2P_T1H51w_c6JVeuQmTI6FFQ-0Tm79h8G3o
060978 *SERV S-101-0: op = 2, shard=8,kv.dataMap[0] = gcw-HL4lCyRrBIb6TdgqiZuOD
061220 *SERV S-101-2: op = 2, shard=8,kv.dataMap[0] = gcw-HL4lCyRrBIb6TdgqiZuOD
061623 *LEAD S0: -res3={{0 2  3828546496512118187 0}  ErrRepeatRequest}
061765 *SERV S-100-0: op = 2, shard=4,kv.dataMap[6] = g48Q4B6ArPS-m3IgrvWlGkbZOL5W5rfI1ApScVyt5hTZZNOoT7XkDKSMm89ndLVyy
061765 *LEAD S0: -res3={{0 4  1400075728540323685 0}  ErrRepeatRequest}
061767 *LEAD S0: -res3={{0 3  3064280533216628858 0}  ErrRepeatRequest}
061778 *SERV S-102-0: op = 2, shard=1,kv.dataMap[3] = iifpvK_Seua3iBgKmnsiMwRQA
061780 *LEAD S0: -res3={{0 3  1850129213470687641 0}  ErrRepeatRequest}
061837 *SERV S-100-1: op = 2, shard=4,kv.dataMap[6] = g48Q4B6ArPS-m3IgrvWlGkbZOL5W5rfI1ApScVyt5hTZZNOoT7XkDKSMm89ndLVyy
061858 *SERV S-100-2: op = 2, shard=9,kv.dataMap[1] = I9ERrHbGPpzW3wKNFdWsxz9-D
062209 *SERV S-100-1: op = 2, shard=9,kv.dataMap[1] = I9ERrHbGPpzW3wKNFdWsxz9-D
062211 *SERV S-100-2: op = 2, shard=4,kv.dataMap[6] = g48Q4B6ArPS-m3IgrvWlGkbZOL5W5rfI1ApScVyt5hTZZNOoT7XkDKSMm89ndLVyy6SAgf
062212 *SERV S-100-2: op = 2, shard=3,kv.dataMap[5] = bKflHf7NFp5TWK1
062338 *SERV S-100-0: op = 2, shard=9,kv.dataMap[1] = I9ERrHbGPpzW3wKNFdWsxz9-D
062754 *SERV S-102-1: op = 2, shard=1,kv.dataMap[3] = iifpvK_Seua3iBgKmnsiMwRQA
062842 *SERV S-102-2: op = 2, shard=1,kv.dataMap[3] = iifpvK_Seua3iBgKmnsiMwRQA
063000 *LEAD S0: -res3={{0 3  3407563772810155259 0}  ErrRepeatRequest}
063033 *SERV S-101-2: op = 2, shard=5,kv.dataMap[7] = 2P_T1H51w_c6JVeuQmTI6FFQ-0Tm79h8G3ojPXVz
063161 *SERV S-100-1: op = 2, shard=4,kv.dataMap[6] = g48Q4B6ArPS-m3IgrvWlGkbZOL5W5rfI1ApScVyt5hTZZNOoT7XkDKSMm89ndLVyy6SAgf
063162 *SERV S-100-1: op = 2, shard=3,kv.dataMap[5] = bKflHf7NFp5TWK1
063183 *SERV S-101-0: op = 2, shard=5,kv.dataMap[7] = 2P_T1H51w_c6JVeuQmTI6FFQ-0Tm79h8G3ojPXVz
063319 *SERV S-100-0: op = 2, shard=4,kv.dataMap[6] = g48Q4B6ArPS-m3IgrvWlGkbZOL5W5rfI1ApScVyt5hTZZNOoT7XkDKSMm89ndLVyy6SAgf
063320 *SERV S-100-0: op = 2, shard=3,kv.dataMap[5] = bKflHf7NFp5TWK1
063374 *SERV S-101-0: op = 2, shard=8,kv.dataMap[0] = gcw-HL4lCyRrBIb6TdgqiZuODhjb9Y
063376 *SERV S-101-0: op = 2, shard=5,kv.dataMap[7] = 2P_T1H51w_c6JVeuQmTI6FFQ-0Tm79h8G3ojPXVzoPMGD
063394 *SERV S-101-1: op = 2, shard=5,kv.dataMap[7] = 2P_T1H51w_c6JVeuQmTI6FFQ-0Tm79h8G3ojPXVz
063395 *SERV S-101-0: op = 2, shard=8,kv.dataMap[0] = gcw-HL4lCyRrBIb6TdgqiZuODhjb9YeaeFD
063802 *LEAD S2: -res3={{0 5  554046142662603082 0}  ErrRepeatRequest}
064068 *LEAD S0: -res3={{0 3  4218721667087519927 0}  ErrRepeatRequest}
064069 *SERV S-101-1: op = 2, shard=8,kv.dataMap[0] = gcw-HL4lCyRrBIb6TdgqiZuODhjb9Y
064069 *LEAD S0: -res3={{0 3  1087621308767222355 0}  ErrRepeatRequest}
064072 *SERV S-101-0: op = 2, shard=8,kv.dataMap[0] = gcw-HL4lCyRrBIb6TdgqiZuODhjb9YeaeFDWDDet
064073 *SERV S-101-0: op = 2, shard=8,kv.dataMap[0] = gcw-HL4lCyRrBIb6TdgqiZuODhjb9YeaeFDWDDetiRvlE
064076 *SERV S-101-2: op = 2, shard=8,kv.dataMap[0] = gcw-HL4lCyRrBIb6TdgqiZuODhjb9Y
064077 *SERV S-101-2: op = 2, shard=5,kv.dataMap[7] = 2P_T1H51w_c6JVeuQmTI6FFQ-0Tm79h8G3ojPXVzoPMGD
064069 *SERV S-101-1: op = 2, shard=5,kv.dataMap[7] = 2P_T1H51w_c6JVeuQmTI6FFQ-0Tm79h8G3ojPXVzoPMGD
064085 *SERV S-101-1: op = 2, shard=8,kv.dataMap[0] = gcw-HL4lCyRrBIb6TdgqiZuODhjb9YeaeFD
064097 *SERV S-101-2: op = 2, shard=8,kv.dataMap[0] = gcw-HL4lCyRrBIb6TdgqiZuODhjb9YeaeFD
064186 *SERV S-102-0: op = 2, shard=0,kv.dataMap[2] = WLkfv360CO3wtZaQlnN8CsZ2M8gj6nJfk81KqNe0j0ZAmcf5Y_hx7uFmOLhj
info: wrote history visualization to /tmp/3657243007.html
--- FAIL: TestUnreliable3_5B (6.48s)
    test_test.go:804: history is not linearizable
FAIL
exit status 1
FAIL	6.5840/shardkv	6.509s
